2026-06-25 22:32:21 | INFO | === DINOv3 ViT + Fluorescence MAE Training ===
2026-06-25 22:32:21 | INFO | stage=finetune fold=f1 run_dir=/root/autodl-tmp/Uveitis-Segmentation-bs/runs/dinov3_mae_ft_f1_20260625_1718
2026-06-25 22:32:21 | INFO | mask_mode=fluorescence mask_ratio=0.75
2026-06-25 22:32:21 | INFO | config={"augmentations": {"enabled": true, "pipeline": [{"name": "hflip", "prob": 0.5}, {"name": "vflip", "prob": 0.2}, {"degrees": [-25, 25], "name": "affine", "prob": 0.8, "scale": [0.9, 1.1], "strength": 1.0, "translate": 0.04}, {"attempts": 8, "foreground_labels": [1, 2, 3], "ignore_index": 255, "min_keep": 0.7, "name": "foreground_resized_crop", "prob": 0.25, "scale": [0.88, 1.0], "strength": 1.0}, {"blocks": [{"brightness": [-0.1, 0.1], "contrast": [0.85, 1.2], "name": "brightness_contrast", "prob": 0.55, "strength": 0.75}, {"gamma": [0.8, 1.25], "name": "gamma", "prob": 0.35, "strength": 0.75}], "name": "random_order", "prob": 1.0}, {"blocks": [{"name": "gaussian_noise", "prob": 1.0, "std": [0.0, 0.025], "strength": 0.75}, {"kernel_size": 5, "name": "gaussian_blur", "prob": 1.0, "sigma": [0.2, 0.8], "strength": 0.75}], "name": "one_of", "prob": 0.25, "weights": [0.7, 0.3]}]}, "data": {"folds": ["f1", "f2", "f3", "f4", "f5"], "hrnet_result_dir": "HRNet_Result", "ignore_index": 255, "image_dir": "img", "image_extensions": [".jpg", ".jpeg", ".png", ".bmp", ".tif", ".tiff"], "label_values": [0, 1, 2, 3], "mask_dir": "mask_only_itksnap", "mask_extensions": [".nii.gz", ".nii", ".png", ".jpg", ".jpeg", ".bmp", ".tif", ".tiff"], "result_extensions": [".png", ".jpg", ".jpeg", ".bmp", ".tif", ".tiff"], "root": "dataset/dataset/split_dataorigin"}, "loss": {"bce_weight": 0.5, "focal_gamma": 0.75, "pos_weight": [3.0, 60.0], "tversky_alpha": 0.2, "tversky_beta": 0.8, "tversky_weight": 1.0}, "mae_train": {"amp": true, "batch_size": 2, "clip_grad_norm": 1.0, "epochs": 30, "freeze_backbone": false, "grad_accum_steps": 2, "image_size": [768, 768], "learning_rate": 1e-05, "min_learning_rate": 1e-07, "save_interval": 5, "scheduler": "cosine", "unfreeze_last_blocks": 12, "weight_decay": 0.0001}, "metric": {"threshold": 0.5, "threshold_sweep": {"enabled": true, "thresholds": [0.05, 0.1, 0.15, 0.2, 0.25, 0.3, 0.35, 0.4, 0.45, 0.5, 0.6, 0.7, 0.8, 0.9]}}, "model": {"backbone": "dinov3_vitb16", "backbone_weights": "weights/dinov3_vitb16_pretrain_lvd1689m-73cec8be.pth", "brightness_high": 0.8, "brightness_low": 0.3, "decoder_channels": 256, "dinov3_code_dir": "backbone/dinov3", "dropout": 0.1, "embed_dim": 768, "intermediate_layers": [2, 5, 8, 11], "mask_mode": "fluorescence", "mask_ratio": 0.75, "num_outputs": 2, "patch_size": 16}, "outputs": {"root": "runs"}, "project": {"name": "uveitis_dinov3_vitb16_mae_fluorescence", "seed": 42}, "runtime": {"device": "cuda", "num_workers": 8, "precision": "amp"}, "train": {"amp": true, "backbone_learning_rate": 1e-05, "batch_size": 1, "clip_grad_norm": 1.0, "epochs": 30, "folds_to_run": ["f1"], "freeze_backbone": false, "grad_accum_steps": 4, "image_size": [768, 768], "learning_rate": 0.0001, "lesion1_sample_weight": 1.0, "lesion2_sample_weight": 6.0, "min_learning_rate": 1e-07, "progress_log_interval": 100, "sample_interval": 5, "sampler_epoch_multiplier": 1.0, "save_interval": 5, "scheduler": "cosine", "unfreeze_last_blocks": 0, "weight_decay": 0.0001}}
2026-06-25 22:32:25 | INFO | model params: 110.7M (backbone: 85.7M)
2026-06-25 22:32:25 | INFO | train samples: 1965 (folds=['f2', 'f3', 'f4', 'f5'])
2026-06-25 22:32:25 | INFO | val samples: 494 (folds=['f1'])
2026-06-25 22:32:25 | INFO | Starting segmentation fine-tuning for 30 epochs
2026-06-25 22:32:25 | INFO | loss: {"bce_weight": 0.5, "focal_gamma": 0.75, "pos_weight": [3.0, 60.0], "tversky_alpha": 0.2, "tversky_beta": 0.8, "tversky_weight": 1.0}
2026-06-25 22:32:25 | INFO | epoch 1 started lr=1.00e-05,1.00e-04
2026-06-25 22:32:38 | INFO | train epoch=1 step=100/1965 progress=5.1% avg_loss=1.1924 elapsed=13s eta=249s
2026-06-25 22:32:50 | INFO | train epoch=1 step=200/1965 progress=10.2% avg_loss=1.1541 elapsed=25s eta=222s
2026-06-25 22:33:02 | INFO | train epoch=1 step=300/1965 progress=15.3% avg_loss=1.1237 elapsed=37s eta=205s
2026-06-25 22:33:14 | INFO | train epoch=1 step=400/1965 progress=20.4% avg_loss=1.1042 elapsed=49s eta=191s
2026-06-25 22:33:25 | INFO | train epoch=1 step=500/1965 progress=25.4% avg_loss=1.0880 elapsed=60s eta=177s
2026-06-25 22:33:37 | INFO | train epoch=1 step=600/1965 progress=30.5% avg_loss=1.0718 elapsed=72s eta=164s
2026-06-25 22:33:49 | INFO | train epoch=1 step=700/1965 progress=35.6% avg_loss=1.0554 elapsed=84s eta=152s
2026-06-25 22:34:01 | INFO | train epoch=1 step=800/1965 progress=40.7% avg_loss=1.0431 elapsed=96s eta=140s
2026-06-25 22:34:13 | INFO | train epoch=1 step=900/1965 progress=45.8% avg_loss=1.0316 elapsed=108s eta=127s
2026-06-25 22:34:25 | INFO | train epoch=1 step=1000/1965 progress=50.9% avg_loss=1.0198 elapsed=119s eta=115s
2026-06-25 22:34:36 | INFO | train epoch=1 step=1100/1965 progress=56.0% avg_loss=1.0100 elapsed=131s eta=103s
2026-06-25 22:34:48 | INFO | train epoch=1 step=1200/1965 progress=61.1% avg_loss=1.0001 elapsed=143s eta=91s
2026-06-25 22:35:00 | INFO | train epoch=1 step=1300/1965 progress=66.2% avg_loss=0.9913 elapsed=155s eta=79s
2026-06-25 22:35:12 | INFO | train epoch=1 step=1400/1965 progress=71.2% avg_loss=0.9838 elapsed=167s eta=67s
2026-06-25 22:35:23 | INFO | train epoch=1 step=1500/1965 progress=76.3% avg_loss=0.9762 elapsed=178s eta=55s
2026-06-25 22:35:35 | INFO | train epoch=1 step=1600/1965 progress=81.4% avg_loss=0.9701 elapsed=190s eta=43s
2026-06-25 22:35:47 | INFO | train epoch=1 step=1700/1965 progress=86.5% avg_loss=0.9637 elapsed=202s eta=31s
2026-06-25 22:35:59 | INFO | train epoch=1 step=1800/1965 progress=91.6% avg_loss=0.9571 elapsed=214s eta=20s
2026-06-25 22:36:10 | INFO | train epoch=1 step=1900/1965 progress=96.7% avg_loss=0.9512 elapsed=225s eta=8s
2026-06-25 22:36:18 | INFO | train epoch=1 step=1965/1965 progress=100.0% avg_loss=0.9470 elapsed=233s eta=0s
2026-06-25 22:36:23 | INFO | val epoch=1 step=100/494 progress=20.2% avg_loss=0.7666 elapsed=4s eta=18s
2026-06-25 22:36:27 | INFO | val epoch=1 step=200/494 progress=40.5% avg_loss=0.7942 elapsed=8s eta=12s
2026-06-25 22:36:30 | INFO | val epoch=1 step=300/494 progress=60.7% avg_loss=0.8174 elapsed=12s eta=8s
2026-06-25 22:36:34 | INFO | val epoch=1 step=400/494 progress=81.0% avg_loss=0.8209 elapsed=16s eta=4s
2026-06-25 22:36:38 | INFO | val epoch=1 step=494/494 progress=100.0% avg_loss=0.8142 elapsed=20s eta=0s
2026-06-25 22:36:39 | INFO | new best paper_macro_dice=0.493482
2026-06-25 22:36:41 | INFO | epoch=1 train_loss=0.9470 val_loss=0.8142 val_dice_1=0.5914 val_dice_2=0.3955 val_macro_dice=0.4935 lr=1.00e-05,1.00e-04
2026-06-25 22:36:41 | INFO | epoch 2 started lr=9.97e-06,9.97e-05
2026-06-25 22:36:53 | INFO | train epoch=2 step=100/1965 progress=5.1% avg_loss=0.8367 elapsed=12s eta=231s
2026-06-25 22:37:05 | INFO | train epoch=2 step=200/1965 progress=10.2% avg_loss=0.8271 elapsed=24s eta=213s
2026-06-25 22:37:17 | INFO | train epoch=2 step=300/1965 progress=15.3% avg_loss=0.8216 elapsed=36s eta=200s
2026-06-25 22:37:28 | INFO | train epoch=2 step=400/1965 progress=20.4% avg_loss=0.8200 elapsed=48s eta=187s
2026-06-25 22:37:40 | INFO | train epoch=2 step=500/1965 progress=25.4% avg_loss=0.8196 elapsed=59s eta=174s
2026-06-25 22:37:52 | INFO | train epoch=2 step=600/1965 progress=30.5% avg_loss=0.8144 elapsed=71s eta=162s
2026-06-25 22:38:04 | INFO | train epoch=2 step=700/1965 progress=35.6% avg_loss=0.8105 elapsed=83s eta=150s
2026-06-25 22:38:15 | INFO | train epoch=2 step=800/1965 progress=40.7% avg_loss=0.8098 elapsed=95s eta=138s
2026-06-25 22:38:27 | INFO | train epoch=2 step=900/1965 progress=45.8% avg_loss=0.8069 elapsed=106s eta=126s
2026-06-25 22:38:39 | INFO | train epoch=2 step=1000/1965 progress=50.9% avg_loss=0.8042 elapsed=118s eta=114s
2026-06-25 22:38:51 | INFO | train epoch=2 step=1100/1965 progress=56.0% avg_loss=0.8002 elapsed=130s eta=102s
2026-06-25 22:39:02 | INFO | train epoch=2 step=1200/1965 progress=61.1% avg_loss=0.7973 elapsed=142s eta=90s
2026-06-25 22:39:14 | INFO | train epoch=2 step=1300/1965 progress=66.2% avg_loss=0.7957 elapsed=154s eta=79s
2026-06-25 22:39:26 | INFO | train epoch=2 step=1400/1965 progress=71.2% avg_loss=0.7937 elapsed=165s eta=67s
2026-06-25 22:39:38 | INFO | train epoch=2 step=1500/1965 progress=76.3% avg_loss=0.7921 elapsed=177s eta=55s
2026-06-25 22:39:50 | INFO | train epoch=2 step=1600/1965 progress=81.4% avg_loss=0.7897 elapsed=189s eta=43s
2026-06-25 22:40:01 | INFO | train epoch=2 step=1700/1965 progress=86.5% avg_loss=0.7886 elapsed=201s eta=31s
2026-06-25 22:40:13 | INFO | train epoch=2 step=1800/1965 progress=91.6% avg_loss=0.7856 elapsed=212s eta=19s
2026-06-25 22:40:25 | INFO | train epoch=2 step=1900/1965 progress=96.7% avg_loss=0.7838 elapsed=224s eta=8s
2026-06-25 22:40:32 | INFO | train epoch=2 step=1965/1965 progress=100.0% avg_loss=0.7814 elapsed=232s eta=0s
2026-06-25 22:40:37 | INFO | val epoch=2 step=100/494 progress=20.2% avg_loss=0.7010 elapsed=4s eta=17s
2026-06-25 22:40:41 | INFO | val epoch=2 step=200/494 progress=40.5% avg_loss=0.7213 elapsed=8s eta=12s
2026-06-25 22:40:45 | INFO | val epoch=2 step=300/494 progress=60.7% avg_loss=0.7430 elapsed=12s eta=8s
2026-06-25 22:40:48 | INFO | val epoch=2 step=400/494 progress=81.0% avg_loss=0.7523 elapsed=16s eta=4s
2026-06-25 22:40:52 | INFO | val epoch=2 step=494/494 progress=100.0% avg_loss=0.7396 elapsed=19s eta=0s
2026-06-25 22:40:53 | INFO | new best paper_macro_dice=0.578432
2026-06-25 22:40:55 | INFO | epoch=2 train_loss=0.7814 val_loss=0.7396 val_dice_1=0.6445 val_dice_2=0.5123 val_macro_dice=0.5784 lr=9.97e-06,9.97e-05
2026-06-25 22:40:55 | INFO | epoch 3 started lr=9.89e-06,9.89e-05
2026-06-25 22:41:07 | INFO | train epoch=3 step=100/1965 progress=5.1% avg_loss=0.7356 elapsed=12s eta=231s
2026-06-25 22:41:19 | INFO | train epoch=3 step=200/1965 progress=10.2% avg_loss=0.7369 elapsed=24s eta=214s
2026-06-25 22:41:31 | INFO | train epoch=3 step=300/1965 progress=15.3% avg_loss=0.7478 elapsed=36s eta=200s
2026-06-25 22:41:43 | INFO | train epoch=3 step=400/1965 progress=20.4% avg_loss=0.7422 elapsed=48s eta=187s
2026-06-25 22:41:55 | INFO | train epoch=3 step=500/1965 progress=25.4% avg_loss=0.7386 elapsed=60s eta=175s
2026-06-25 22:42:07 | INFO | train epoch=3 step=600/1965 progress=30.5% avg_loss=0.7396 elapsed=72s eta=163s
2026-06-25 22:42:18 | INFO | train epoch=3 step=700/1965 progress=35.6% avg_loss=0.7385 elapsed=83s eta=151s
2026-06-25 22:42:30 | INFO | train epoch=3 step=800/1965 progress=40.7% avg_loss=0.7355 elapsed=95s eta=139s
2026-06-25 22:42:42 | INFO | train epoch=3 step=900/1965 progress=45.8% avg_loss=0.7338 elapsed=107s eta=127s
2026-06-25 22:42:54 | INFO | train epoch=3 step=1000/1965 progress=50.9% avg_loss=0.7317 elapsed=119s eta=115s
2026-06-25 22:43:06 | INFO | train epoch=3 step=1100/1965 progress=56.0% avg_loss=0.7295 elapsed=131s eta=103s
2026-06-25 22:43:17 | INFO | train epoch=3 step=1200/1965 progress=61.1% avg_loss=0.7259 elapsed=142s eta=91s
2026-06-25 22:43:29 | INFO | train epoch=3 step=1300/1965 progress=66.2% avg_loss=0.7251 elapsed=154s eta=79s
2026-06-25 22:43:41 | INFO | train epoch=3 step=1400/1965 progress=71.2% avg_loss=0.7246 elapsed=166s eta=67s
2026-06-25 22:43:53 | INFO | train epoch=3 step=1500/1965 progress=76.3% avg_loss=0.7235 elapsed=178s eta=55s
2026-06-25 22:44:05 | INFO | train epoch=3 step=1600/1965 progress=81.4% avg_loss=0.7219 elapsed=190s eta=43s
2026-06-25 22:44:17 | INFO | train epoch=3 step=1700/1965 progress=86.5% avg_loss=0.7198 elapsed=202s eta=31s
2026-06-25 22:44:28 | INFO | train epoch=3 step=1800/1965 progress=91.6% avg_loss=0.7197 elapsed=214s eta=20s
2026-06-25 22:44:40 | INFO | train epoch=3 step=1900/1965 progress=96.7% avg_loss=0.7195 elapsed=225s eta=8s
2026-06-25 22:44:48 | INFO | train epoch=3 step=1965/1965 progress=100.0% avg_loss=0.7183 elapsed=233s eta=0s
2026-06-25 22:44:52 | INFO | val epoch=3 step=100/494 progress=20.2% avg_loss=0.6782 elapsed=4s eta=17s
2026-06-25 22:44:56 | INFO | val epoch=3 step=200/494 progress=40.5% avg_loss=0.7078 elapsed=8s eta=12s
2026-06-25 22:45:00 | INFO | val epoch=3 step=300/494 progress=60.7% avg_loss=0.7323 elapsed=12s eta=8s
2026-06-25 22:45:04 | INFO | val epoch=3 step=400/494 progress=81.0% avg_loss=0.7419 elapsed=16s eta=4s
2026-06-25 22:45:08 | INFO | val epoch=3 step=494/494 progress=100.0% avg_loss=0.7256 elapsed=20s eta=0s
2026-06-25 22:45:09 | INFO | epoch=3 train_loss=0.7183 val_loss=0.7256 val_dice_1=0.6760 val_dice_2=0.4731 val_macro_dice=0.5745 lr=9.89e-06,9.89e-05
2026-06-25 22:45:09 | INFO | epoch 4 started lr=9.76e-06,9.76e-05
2026-06-25 22:45:21 | INFO | train epoch=4 step=100/1965 progress=5.1% avg_loss=0.6995 elapsed=12s eta=232s
2026-06-25 22:45:33 | INFO | train epoch=4 step=200/1965 progress=10.2% avg_loss=0.6943 elapsed=24s eta=213s
2026-06-25 22:45:45 | INFO | train epoch=4 step=300/1965 progress=15.3% avg_loss=0.6930 elapsed=36s eta=199s
2026-06-25 22:45:57 | INFO | train epoch=4 step=400/1965 progress=20.4% avg_loss=0.6910 elapsed=48s eta=187s
2026-06-25 22:46:08 | INFO | train epoch=4 step=500/1965 progress=25.4% avg_loss=0.6931 elapsed=59s eta=174s
2026-06-25 22:46:20 | INFO | train epoch=4 step=600/1965 progress=30.5% avg_loss=0.6930 elapsed=71s eta=163s
2026-06-25 22:46:32 | INFO | train epoch=4 step=700/1965 progress=35.6% avg_loss=0.6928 elapsed=83s eta=151s
2026-06-25 22:46:44 | INFO | train epoch=4 step=800/1965 progress=40.7% avg_loss=0.6940 elapsed=95s eta=139s
2026-06-25 22:46:56 | INFO | train epoch=4 step=900/1965 progress=45.8% avg_loss=0.6930 elapsed=107s eta=127s
2026-06-25 22:47:08 | INFO | train epoch=4 step=1000/1965 progress=50.9% avg_loss=0.6920 elapsed=119s eta=115s
2026-06-25 22:47:20 | INFO | train epoch=4 step=1100/1965 progress=56.0% avg_loss=0.6920 elapsed=131s eta=103s
2026-06-25 22:47:31 | INFO | train epoch=4 step=1200/1965 progress=61.1% avg_loss=0.6914 elapsed=142s eta=91s
2026-06-25 22:47:43 | INFO | train epoch=4 step=1300/1965 progress=66.2% avg_loss=0.6931 elapsed=154s eta=79s
2026-06-25 22:47:55 | INFO | train epoch=4 step=1400/1965 progress=71.2% avg_loss=0.6923 elapsed=166s eta=67s
2026-06-25 22:48:07 | INFO | train epoch=4 step=1500/1965 progress=76.3% avg_loss=0.6934 elapsed=178s eta=55s
2026-06-25 22:48:19 | INFO | train epoch=4 step=1600/1965 progress=81.4% avg_loss=0.6941 elapsed=190s eta=43s
2026-06-25 22:48:30 | INFO | train epoch=4 step=1700/1965 progress=86.5% avg_loss=0.6945 elapsed=201s eta=31s
2026-06-25 22:48:42 | INFO | train epoch=4 step=1800/1965 progress=91.6% avg_loss=0.6920 elapsed=213s eta=20s
2026-06-25 22:48:54 | INFO | train epoch=4 step=1900/1965 progress=96.7% avg_loss=0.6917 elapsed=225s eta=8s
2026-06-25 22:49:02 | INFO | train epoch=4 step=1965/1965 progress=100.0% avg_loss=0.6923 elapsed=233s eta=0s
2026-06-25 22:49:06 | INFO | val epoch=4 step=100/494 progress=20.2% avg_loss=0.6746 elapsed=4s eta=17s
2026-06-25 22:49:10 | INFO | val epoch=4 step=200/494 progress=40.5% avg_loss=0.6899 elapsed=8s eta=12s
2026-06-25 22:49:14 | INFO | val epoch=4 step=300/494 progress=60.7% avg_loss=0.7053 elapsed=12s eta=8s
2026-06-25 22:49:18 | INFO | val epoch=4 step=400/494 progress=81.0% avg_loss=0.7174 elapsed=16s eta=4s
2026-06-25 22:49:21 | INFO | val epoch=4 step=494/494 progress=100.0% avg_loss=0.7027 elapsed=19s eta=0s
2026-06-25 22:49:23 | INFO | new best paper_macro_dice=0.639158
2026-06-25 22:49:25 | INFO | epoch=4 train_loss=0.6923 val_loss=0.7027 val_dice_1=0.6739 val_dice_2=0.6044 val_macro_dice=0.6392 lr=9.76e-06,9.76e-05
2026-06-25 22:49:25 | INFO | epoch 5 started lr=9.57e-06,9.57e-05
2026-06-25 22:49:37 | INFO | train epoch=5 step=100/1965 progress=5.1% avg_loss=0.6922 elapsed=12s eta=231s
2026-06-25 22:49:49 | INFO | train epoch=5 step=200/1965 progress=10.2% avg_loss=0.6658 elapsed=24s eta=213s
2026-06-25 22:50:01 | INFO | train epoch=5 step=300/1965 progress=15.3% avg_loss=0.6705 elapsed=36s eta=200s
2026-06-25 22:50:12 | INFO | train epoch=5 step=400/1965 progress=20.4% avg_loss=0.6760 elapsed=48s eta=187s
2026-06-25 22:50:24 | INFO | train epoch=5 step=500/1965 progress=25.4% avg_loss=0.6748 elapsed=60s eta=175s
2026-06-25 22:50:36 | INFO | train epoch=5 step=600/1965 progress=30.5% avg_loss=0.6774 elapsed=71s eta=162s
2026-06-25 22:50:48 | INFO | train epoch=5 step=700/1965 progress=35.6% avg_loss=0.6775 elapsed=83s eta=150s
2026-06-25 22:51:00 | INFO | train epoch=5 step=800/1965 progress=40.7% avg_loss=0.6810 elapsed=95s eta=138s
2026-06-25 22:51:12 | INFO | train epoch=5 step=900/1965 progress=45.8% avg_loss=0.6818 elapsed=107s eta=126s
2026-06-25 22:51:23 | INFO | train epoch=5 step=1000/1965 progress=50.9% avg_loss=0.6818 elapsed=119s eta=114s
2026-06-25 22:51:35 | INFO | train epoch=5 step=1100/1965 progress=56.0% avg_loss=0.6815 elapsed=130s eta=103s
2026-06-25 22:51:47 | INFO | train epoch=5 step=1200/1965 progress=61.1% avg_loss=0.6827 elapsed=142s eta=91s
2026-06-25 22:51:59 | INFO | train epoch=5 step=1300/1965 progress=66.2% avg_loss=0.6814 elapsed=154s eta=79s
2026-06-25 22:52:10 | INFO | train epoch=5 step=1400/1965 progress=71.2% avg_loss=0.6803 elapsed=166s eta=67s
2026-06-25 22:52:22 | INFO | train epoch=5 step=1500/1965 progress=76.3% avg_loss=0.6795 elapsed=178s eta=55s
2026-06-25 22:52:34 | INFO | train epoch=5 step=1600/1965 progress=81.4% avg_loss=0.6779 elapsed=189s eta=43s
2026-06-25 22:52:46 | INFO | train epoch=5 step=1700/1965 progress=86.5% avg_loss=0.6789 elapsed=201s eta=31s
2026-06-25 22:52:57 | INFO | train epoch=5 step=1800/1965 progress=91.6% avg_loss=0.6794 elapsed=213s eta=19s
2026-06-25 22:53:09 | INFO | train epoch=5 step=1900/1965 progress=96.7% avg_loss=0.6785 elapsed=224s eta=8s
2026-06-25 22:53:17 | INFO | train epoch=5 step=1965/1965 progress=100.0% avg_loss=0.6780 elapsed=232s eta=0s
2026-06-25 22:53:21 | INFO | val epoch=5 step=100/494 progress=20.2% avg_loss=0.6534 elapsed=4s eta=17s
2026-06-25 22:53:25 | INFO | val epoch=5 step=200/494 progress=40.5% avg_loss=0.6735 elapsed=8s eta=12s
2026-06-25 22:53:29 | INFO | val epoch=5 step=300/494 progress=60.7% avg_loss=0.6944 elapsed=12s eta=8s
2026-06-25 22:53:33 | INFO | val epoch=5 step=400/494 progress=81.0% avg_loss=0.7073 elapsed=16s eta=4s
2026-06-25 22:53:36 | INFO | val epoch=5 step=494/494 progress=100.0% avg_loss=0.6907 elapsed=19s eta=0s
2026-06-25 22:53:38 | INFO | epoch=5 train_loss=0.6780 val_loss=0.6907 val_dice_1=0.6700 val_dice_2=0.6016 val_macro_dice=0.6358 lr=9.57e-06,9.57e-05
2026-06-25 22:53:38 | INFO | epoch 6 started lr=9.34e-06,9.33e-05
2026-06-25 22:53:50 | INFO | train epoch=6 step=100/1965 progress=5.1% avg_loss=0.6483 elapsed=12s eta=227s
2026-06-25 22:54:02 | INFO | train epoch=6 step=200/1965 progress=10.2% avg_loss=0.6617 elapsed=24s eta=212s
2026-06-25 22:54:13 | INFO | train epoch=6 step=300/1965 progress=15.3% avg_loss=0.6607 elapsed=36s eta=198s
2026-06-25 22:54:25 | INFO | train epoch=6 step=400/1965 progress=20.4% avg_loss=0.6633 elapsed=48s eta=186s
2026-06-25 22:54:37 | INFO | train epoch=6 step=500/1965 progress=25.4% avg_loss=0.6653 elapsed=59s eta=174s
2026-06-25 22:54:49 | INFO | train epoch=6 step=600/1965 progress=30.5% avg_loss=0.6661 elapsed=71s eta=162s
2026-06-25 22:55:01 | INFO | train epoch=6 step=700/1965 progress=35.6% avg_loss=0.6666 elapsed=83s eta=150s
2026-06-25 22:55:13 | INFO | train epoch=6 step=800/1965 progress=40.7% avg_loss=0.6653 elapsed=95s eta=138s
2026-06-25 22:55:24 | INFO | train epoch=6 step=900/1965 progress=45.8% avg_loss=0.6664 elapsed=107s eta=126s
2026-06-25 22:55:36 | INFO | train epoch=6 step=1000/1965 progress=50.9% avg_loss=0.6665 elapsed=119s eta=114s
2026-06-25 22:55:48 | INFO | train epoch=6 step=1100/1965 progress=56.0% avg_loss=0.6684 elapsed=131s eta=103s
2026-06-25 22:56:00 | INFO | train epoch=6 step=1200/1965 progress=61.1% avg_loss=0.6690 elapsed=142s eta=91s
2026-06-25 22:56:12 | INFO | train epoch=6 step=1300/1965 progress=66.2% avg_loss=0.6694 elapsed=154s eta=79s
2026-06-25 22:56:24 | INFO | train epoch=6 step=1400/1965 progress=71.2% avg_loss=0.6693 elapsed=166s eta=67s
2026-06-25 22:56:36 | INFO | train epoch=6 step=1500/1965 progress=76.3% avg_loss=0.6688 elapsed=178s eta=55s
2026-06-25 22:56:47 | INFO | train epoch=6 step=1600/1965 progress=81.4% avg_loss=0.6677 elapsed=190s eta=43s
2026-06-25 22:56:59 | INFO | train epoch=6 step=1700/1965 progress=86.5% avg_loss=0.6674 elapsed=202s eta=31s
2026-06-25 22:57:11 | INFO | train epoch=6 step=1800/1965 progress=91.6% avg_loss=0.6677 elapsed=213s eta=20s
2026-06-25 22:57:23 | INFO | train epoch=6 step=1900/1965 progress=96.7% avg_loss=0.6685 elapsed=225s eta=8s
2026-06-25 22:57:31 | INFO | train epoch=6 step=1965/1965 progress=100.0% avg_loss=0.6676 elapsed=233s eta=0s
2026-06-25 22:57:35 | INFO | val epoch=6 step=100/494 progress=20.2% avg_loss=0.6651 elapsed=4s eta=17s
2026-06-25 22:57:39 | INFO | val epoch=6 step=200/494 progress=40.5% avg_loss=0.6874 elapsed=8s eta=12s
2026-06-25 22:57:43 | INFO | val epoch=6 step=300/494 progress=60.7% avg_loss=0.7126 elapsed=12s eta=8s
2026-06-25 22:57:47 | INFO | val epoch=6 step=400/494 progress=81.0% avg_loss=0.7250 elapsed=16s eta=4s
2026-06-25 22:57:50 | INFO | val epoch=6 step=494/494 progress=100.0% avg_loss=0.7116 elapsed=20s eta=0s
2026-06-25 22:57:52 | INFO | epoch=6 train_loss=0.6676 val_loss=0.7116 val_dice_1=0.6696 val_dice_2=0.5759 val_macro_dice=0.6228 lr=9.34e-06,9.33e-05
2026-06-25 22:57:52 | INFO | epoch 7 started lr=9.05e-06,9.05e-05
2026-06-25 22:58:04 | INFO | train epoch=7 step=100/1965 progress=5.1% avg_loss=0.6764 elapsed=13s eta=235s
2026-06-25 22:58:16 | INFO | train epoch=7 step=200/1965 progress=10.2% avg_loss=0.6767 elapsed=24s eta=216s
2026-06-25 22:58:28 | INFO | train epoch=7 step=300/1965 progress=15.3% avg_loss=0.6715 elapsed=36s eta=201s
2026-06-25 22:58:40 | INFO | train epoch=7 step=400/1965 progress=20.4% avg_loss=0.6714 elapsed=48s eta=188s
2026-06-25 22:58:52 | INFO | train epoch=7 step=500/1965 progress=25.4% avg_loss=0.6695 elapsed=60s eta=175s
2026-06-25 22:59:03 | INFO | train epoch=7 step=600/1965 progress=30.5% avg_loss=0.6644 elapsed=72s eta=163s
2026-06-25 22:59:15 | INFO | train epoch=7 step=700/1965 progress=35.6% avg_loss=0.6678 elapsed=83s eta=151s
2026-06-25 22:59:27 | INFO | train epoch=7 step=800/1965 progress=40.7% avg_loss=0.6679 elapsed=95s eta=139s
2026-06-25 22:59:39 | INFO | train epoch=7 step=900/1965 progress=45.8% avg_loss=0.6651 elapsed=107s eta=127s
2026-06-25 22:59:51 | INFO | train epoch=7 step=1000/1965 progress=50.9% avg_loss=0.6663 elapsed=119s eta=115s
2026-06-25 23:00:02 | INFO | train epoch=7 step=1100/1965 progress=56.0% avg_loss=0.6668 elapsed=131s eta=103s
2026-06-25 23:00:14 | INFO | train epoch=7 step=1200/1965 progress=61.1% avg_loss=0.6646 elapsed=142s eta=91s
2026-06-25 23:00:26 | INFO | train epoch=7 step=1300/1965 progress=66.2% avg_loss=0.6655 elapsed=154s eta=79s
2026-06-25 23:00:38 | INFO | train epoch=7 step=1400/1965 progress=71.2% avg_loss=0.6648 elapsed=166s eta=67s
2026-06-25 23:00:50 | INFO | train epoch=7 step=1500/1965 progress=76.3% avg_loss=0.6643 elapsed=178s eta=55s
2026-06-25 23:01:01 | INFO | train epoch=7 step=1600/1965 progress=81.4% avg_loss=0.6635 elapsed=190s eta=43s
2026-06-25 23:01:13 | INFO | train epoch=7 step=1700/1965 progress=86.5% avg_loss=0.6627 elapsed=202s eta=31s
2026-06-25 23:01:25 | INFO | train epoch=7 step=1800/1965 progress=91.6% avg_loss=0.6629 elapsed=213s eta=20s
2026-06-25 23:01:37 | INFO | train epoch=7 step=1900/1965 progress=96.7% avg_loss=0.6617 elapsed=225s eta=8s
2026-06-25 23:01:45 | INFO | train epoch=7 step=1965/1965 progress=100.0% avg_loss=0.6617 elapsed=233s eta=0s
2026-06-25 23:01:49 | INFO | val epoch=7 step=100/494 progress=20.2% avg_loss=0.6689 elapsed=4s eta=17s
2026-06-25 23:01:53 | INFO | val epoch=7 step=200/494 progress=40.5% avg_loss=0.6874 elapsed=8s eta=12s
2026-06-25 23:01:57 | INFO | val epoch=7 step=300/494 progress=60.7% avg_loss=0.6980 elapsed=12s eta=8s
2026-06-25 23:02:00 | INFO | val epoch=7 step=400/494 progress=81.0% avg_loss=0.7117 elapsed=16s eta=4s
2026-06-25 23:02:04 | INFO | val epoch=7 step=494/494 progress=100.0% avg_loss=0.6960 elapsed=19s eta=0s
2026-06-25 23:02:05 | INFO | epoch=7 train_loss=0.6617 val_loss=0.6960 val_dice_1=0.6909 val_dice_2=0.5547 val_macro_dice=0.6228 lr=9.05e-06,9.05e-05
2026-06-25 23:02:05 | INFO | epoch 8 started lr=8.73e-06,8.72e-05
2026-06-25 23:02:18 | INFO | train epoch=8 step=100/1965 progress=5.1% avg_loss=0.6789 elapsed=12s eta=232s
2026-06-25 23:02:30 | INFO | train epoch=8 step=200/1965 progress=10.2% avg_loss=0.6633 elapsed=24s eta=214s
2026-06-25 23:02:41 | INFO | train epoch=8 step=300/1965 progress=15.3% avg_loss=0.6520 elapsed=36s eta=200s
2026-06-25 23:02:53 | INFO | train epoch=8 step=400/1965 progress=20.4% avg_loss=0.6526 elapsed=48s eta=187s
2026-06-25 23:03:05 | INFO | train epoch=8 step=500/1965 progress=25.4% avg_loss=0.6499 elapsed=60s eta=174s
2026-06-25 23:03:17 | INFO | train epoch=8 step=600/1965 progress=30.5% avg_loss=0.6505 elapsed=71s eta=162s
2026-06-25 23:03:29 | INFO | train epoch=8 step=700/1965 progress=35.6% avg_loss=0.6511 elapsed=83s eta=150s
2026-06-25 23:03:40 | INFO | train epoch=8 step=800/1965 progress=40.7% avg_loss=0.6529 elapsed=95s eta=138s
2026-06-25 23:03:52 | INFO | train epoch=8 step=900/1965 progress=45.8% avg_loss=0.6533 elapsed=107s eta=126s
2026-06-25 23:04:04 | INFO | train epoch=8 step=1000/1965 progress=50.9% avg_loss=0.6532 elapsed=119s eta=115s
2026-06-25 23:04:16 | INFO | train epoch=8 step=1100/1965 progress=56.0% avg_loss=0.6526 elapsed=130s eta=103s
2026-06-25 23:04:28 | INFO | train epoch=8 step=1200/1965 progress=61.1% avg_loss=0.6531 elapsed=142s eta=91s
2026-06-25 23:04:40 | INFO | train epoch=8 step=1300/1965 progress=66.2% avg_loss=0.6555 elapsed=154s eta=79s
2026-06-25 23:04:52 | INFO | train epoch=8 step=1400/1965 progress=71.2% avg_loss=0.6574 elapsed=166s eta=67s
2026-06-25 23:05:03 | INFO | train epoch=8 step=1500/1965 progress=76.3% avg_loss=0.6559 elapsed=178s eta=55s
2026-06-25 23:05:15 | INFO | train epoch=8 step=1600/1965 progress=81.4% avg_loss=0.6553 elapsed=190s eta=43s
2026-06-25 23:05:27 | INFO | train epoch=8 step=1700/1965 progress=86.5% avg_loss=0.6568 elapsed=202s eta=31s
2026-06-25 23:05:39 | INFO | train epoch=8 step=1800/1965 progress=91.6% avg_loss=0.6568 elapsed=213s eta=20s
2026-06-25 23:05:51 | INFO | train epoch=8 step=1900/1965 progress=96.7% avg_loss=0.6578 elapsed=225s eta=8s
2026-06-25 23:05:58 | INFO | train epoch=8 step=1965/1965 progress=100.0% avg_loss=0.6585 elapsed=233s eta=0s
2026-06-25 23:06:03 | INFO | val epoch=8 step=100/494 progress=20.2% avg_loss=0.6651 elapsed=4s eta=16s
2026-06-25 23:06:06 | INFO | val epoch=8 step=200/494 progress=40.5% avg_loss=0.6909 elapsed=8s eta=12s
2026-06-25 23:06:10 | INFO | val epoch=8 step=300/494 progress=60.7% avg_loss=0.7153 elapsed=12s eta=8s
2026-06-25 23:06:14 | INFO | val epoch=8 step=400/494 progress=81.0% avg_loss=0.7272 elapsed=15s eta=4s
2026-06-25 23:06:17 | INFO | val epoch=8 step=494/494 progress=100.0% avg_loss=0.7098 elapsed=19s eta=0s
2026-06-25 23:06:19 | INFO | new best paper_macro_dice=0.642546
2026-06-25 23:06:20 | INFO | epoch=8 train_loss=0.6585 val_loss=0.7098 val_dice_1=0.6890 val_dice_2=0.5961 val_macro_dice=0.6425 lr=8.73e-06,8.72e-05
2026-06-25 23:06:20 | INFO | epoch 9 started lr=8.36e-06,8.35e-05
2026-06-25 23:06:33 | INFO | train epoch=9 step=100/1965 progress=5.1% avg_loss=0.6883 elapsed=12s eta=230s
2026-06-25 23:06:45 | INFO | train epoch=9 step=200/1965 progress=10.2% avg_loss=0.6722 elapsed=24s eta=214s
2026-06-25 23:06:56 | INFO | train epoch=9 step=300/1965 progress=15.3% avg_loss=0.6689 elapsed=36s eta=200s
2026-06-25 23:07:08 | INFO | train epoch=9 step=400/1965 progress=20.4% avg_loss=0.6716 elapsed=48s eta=187s
2026-06-25 23:07:20 | INFO | train epoch=9 step=500/1965 progress=25.4% avg_loss=0.6718 elapsed=60s eta=174s
2026-06-25 23:07:32 | INFO | train epoch=9 step=600/1965 progress=30.5% avg_loss=0.6680 elapsed=71s eta=162s
2026-06-25 23:07:43 | INFO | train epoch=9 step=700/1965 progress=35.6% avg_loss=0.6673 elapsed=83s eta=150s
2026-06-25 23:07:55 | INFO | train epoch=9 step=800/1965 progress=40.7% avg_loss=0.6645 elapsed=95s eta=138s
2026-06-25 23:08:07 | INFO | train epoch=9 step=900/1965 progress=45.8% avg_loss=0.6641 elapsed=107s eta=126s
2026-06-25 23:08:19 | INFO | train epoch=9 step=1000/1965 progress=50.9% avg_loss=0.6649 elapsed=119s eta=114s
2026-06-25 23:08:31 | INFO | train epoch=9 step=1100/1965 progress=56.0% avg_loss=0.6622 elapsed=130s eta=103s
2026-06-25 23:08:43 | INFO | train epoch=9 step=1200/1965 progress=61.1% avg_loss=0.6631 elapsed=142s eta=91s
2026-06-25 23:08:54 | INFO | train epoch=9 step=1300/1965 progress=66.2% avg_loss=0.6609 elapsed=154s eta=79s
2026-06-25 23:09:06 | INFO | train epoch=9 step=1400/1965 progress=71.2% avg_loss=0.6608 elapsed=166s eta=67s
2026-06-25 23:09:18 | INFO | train epoch=9 step=1500/1965 progress=76.3% avg_loss=0.6597 elapsed=178s eta=55s
2026-06-25 23:09:30 | INFO | train epoch=9 step=1600/1965 progress=81.4% avg_loss=0.6585 elapsed=190s eta=43s
2026-06-25 23:09:42 | INFO | train epoch=9 step=1700/1965 progress=86.5% avg_loss=0.6575 elapsed=202s eta=31s
2026-06-25 23:09:54 | INFO | train epoch=9 step=1800/1965 progress=91.6% avg_loss=0.6586 elapsed=213s eta=20s
2026-06-25 23:10:06 | INFO | train epoch=9 step=1900/1965 progress=96.7% avg_loss=0.6572 elapsed=225s eta=8s
2026-06-25 23:10:13 | INFO | train epoch=9 step=1965/1965 progress=100.0% avg_loss=0.6570 elapsed=233s eta=0s
2026-06-25 23:10:17 | INFO | val epoch=9 step=100/494 progress=20.2% avg_loss=0.6571 elapsed=4s eta=16s
2026-06-25 23:10:21 | INFO | val epoch=9 step=200/494 progress=40.5% avg_loss=0.6753 elapsed=8s eta=12s
2026-06-25 23:10:25 | INFO | val epoch=9 step=300/494 progress=60.7% avg_loss=0.7045 elapsed=12s eta=8s
2026-06-25 23:10:29 | INFO | val epoch=9 step=400/494 progress=81.0% avg_loss=0.7170 elapsed=15s eta=4s
2026-06-25 23:10:32 | INFO | val epoch=9 step=494/494 progress=100.0% avg_loss=0.7034 elapsed=19s eta=0s
2026-06-25 23:10:34 | INFO | new best paper_macro_dice=0.657018
2026-06-25 23:10:35 | INFO | epoch=9 train_loss=0.6570 val_loss=0.7034 val_dice_1=0.6882 val_dice_2=0.6259 val_macro_dice=0.6570 lr=8.36e-06,8.35e-05
2026-06-25 23:10:35 | INFO | epoch 10 started lr=7.96e-06,7.94e-05
2026-06-25 23:10:48 | INFO | train epoch=10 step=100/1965 progress=5.1% avg_loss=0.6518 elapsed=13s eta=233s
2026-06-25 23:11:00 | INFO | train epoch=10 step=200/1965 progress=10.2% avg_loss=0.6627 elapsed=24s eta=216s
2026-06-25 23:11:12 | INFO | train epoch=10 step=300/1965 progress=15.3% avg_loss=0.6646 elapsed=36s eta=202s
2026-06-25 23:11:24 | INFO | train epoch=10 step=400/1965 progress=20.4% avg_loss=0.6625 elapsed=48s eta=189s
2026-06-25 23:11:36 | INFO | train epoch=10 step=500/1965 progress=25.4% avg_loss=0.6588 elapsed=60s eta=177s
2026-06-25 23:11:48 | INFO | train epoch=10 step=600/1965 progress=30.5% avg_loss=0.6540 elapsed=72s eta=165s
2026-06-25 23:12:00 | INFO | train epoch=10 step=700/1965 progress=35.6% avg_loss=0.6533 elapsed=84s eta=152s
2026-06-25 23:12:11 | INFO | train epoch=10 step=800/1965 progress=40.7% avg_loss=0.6556 elapsed=96s eta=140s
2026-06-25 23:12:23 | INFO | train epoch=10 step=900/1965 progress=45.8% avg_loss=0.6577 elapsed=108s eta=128s
2026-06-25 23:12:35 | INFO | train epoch=10 step=1000/1965 progress=50.9% avg_loss=0.6575 elapsed=120s eta=116s
2026-06-25 23:12:47 | INFO | train epoch=10 step=1100/1965 progress=56.0% avg_loss=0.6575 elapsed=132s eta=104s
2026-06-25 23:12:59 | INFO | train epoch=10 step=1200/1965 progress=61.1% avg_loss=0.6587 elapsed=144s eta=92s
2026-06-25 23:13:11 | INFO | train epoch=10 step=1300/1965 progress=66.2% avg_loss=0.6578 elapsed=155s eta=79s
2026-06-25 23:13:23 | INFO | train epoch=10 step=1400/1965 progress=71.2% avg_loss=0.6568 elapsed=167s eta=67s
2026-06-25 23:13:34 | INFO | train epoch=10 step=1500/1965 progress=76.3% avg_loss=0.6556 elapsed=179s eta=56s
2026-06-25 23:13:46 | INFO | train epoch=10 step=1600/1965 progress=81.4% avg_loss=0.6535 elapsed=191s eta=44s
2026-06-25 23:13:58 | INFO | train epoch=10 step=1700/1965 progress=86.5% avg_loss=0.6523 elapsed=203s eta=32s
2026-06-25 23:14:10 | INFO | train epoch=10 step=1800/1965 progress=91.6% avg_loss=0.6520 elapsed=215s eta=20s
2026-06-25 23:14:22 | INFO | train epoch=10 step=1900/1965 progress=96.7% avg_loss=0.6519 elapsed=226s eta=8s
2026-06-25 23:14:30 | INFO | train epoch=10 step=1965/1965 progress=100.0% avg_loss=0.6512 elapsed=234s eta=0s
2026-06-25 23:14:34 | INFO | val epoch=10 step=100/494 progress=20.2% avg_loss=0.6551 elapsed=4s eta=16s
2026-06-25 23:14:37 | INFO | val epoch=10 step=200/494 progress=40.5% avg_loss=0.6756 elapsed=8s eta=12s
2026-06-25 23:14:41 | INFO | val epoch=10 step=300/494 progress=60.7% avg_loss=0.6897 elapsed=12s eta=7s
2026-06-25 23:14:45 | INFO | val epoch=10 step=400/494 progress=81.0% avg_loss=0.7049 elapsed=15s eta=4s
2026-06-25 23:14:48 | INFO | val epoch=10 step=494/494 progress=100.0% avg_loss=0.6868 elapsed=19s eta=0s
2026-06-25 23:14:50 | INFO | epoch=10 train_loss=0.6512 val_loss=0.6868 val_dice_1=0.7112 val_dice_2=0.5278 val_macro_dice=0.6195 lr=7.96e-06,7.94e-05
2026-06-25 23:14:50 | INFO | epoch 11 started lr=7.53e-06,7.50e-05
2026-06-25 23:15:02 | INFO | train epoch=11 step=100/1965 progress=5.1% avg_loss=0.6392 elapsed=12s eta=233s
2026-06-25 23:15:14 | INFO | train epoch=11 step=200/1965 progress=10.2% avg_loss=0.6482 elapsed=24s eta=216s
2026-06-25 23:15:26 | INFO | train epoch=11 step=300/1965 progress=15.3% avg_loss=0.6548 elapsed=36s eta=201s
2026-06-25 23:15:37 | INFO | train epoch=11 step=400/1965 progress=20.4% avg_loss=0.6516 elapsed=48s eta=187s
2026-06-25 23:15:49 | INFO | train epoch=11 step=500/1965 progress=25.4% avg_loss=0.6473 elapsed=60s eta=175s
2026-06-25 23:16:01 | INFO | train epoch=11 step=600/1965 progress=30.5% avg_loss=0.6467 elapsed=71s eta=162s
2026-06-25 23:16:13 | INFO | train epoch=11 step=700/1965 progress=35.6% avg_loss=0.6479 elapsed=83s eta=150s
2026-06-25 23:16:25 | INFO | train epoch=11 step=800/1965 progress=40.7% avg_loss=0.6485 elapsed=95s eta=138s
2026-06-25 23:16:37 | INFO | train epoch=11 step=900/1965 progress=45.8% avg_loss=0.6462 elapsed=107s eta=127s
2026-06-25 23:16:49 | INFO | train epoch=11 step=1000/1965 progress=50.9% avg_loss=0.6429 elapsed=119s eta=115s
2026-06-25 23:17:01 | INFO | train epoch=11 step=1100/1965 progress=56.0% avg_loss=0.6438 elapsed=131s eta=103s
2026-06-25 23:17:12 | INFO | train epoch=11 step=1200/1965 progress=61.1% avg_loss=0.6440 elapsed=143s eta=91s
2026-06-25 23:17:24 | INFO | train epoch=11 step=1300/1965 progress=66.2% avg_loss=0.6447 elapsed=155s eta=79s
2026-06-25 23:17:36 | INFO | train epoch=11 step=1400/1965 progress=71.2% avg_loss=0.6425 elapsed=167s eta=67s
2026-06-25 23:17:48 | INFO | train epoch=11 step=1500/1965 progress=76.3% avg_loss=0.6427 elapsed=179s eta=55s
2026-06-25 23:18:00 | INFO | train epoch=11 step=1600/1965 progress=81.4% avg_loss=0.6442 elapsed=191s eta=44s
2026-06-25 23:18:12 | INFO | train epoch=11 step=1700/1965 progress=86.5% avg_loss=0.6438 elapsed=203s eta=32s
2026-06-25 23:18:24 | INFO | train epoch=11 step=1800/1965 progress=91.6% avg_loss=0.6451 elapsed=215s eta=20s
2026-06-25 23:18:36 | INFO | train epoch=11 step=1900/1965 progress=96.7% avg_loss=0.6457 elapsed=226s eta=8s
2026-06-25 23:18:44 | INFO | train epoch=11 step=1965/1965 progress=100.0% avg_loss=0.6463 elapsed=234s eta=0s
2026-06-25 23:18:48 | INFO | val epoch=11 step=100/494 progress=20.2% avg_loss=0.6569 elapsed=4s eta=17s
2026-06-25 23:18:52 | INFO | val epoch=11 step=200/494 progress=40.5% avg_loss=0.6746 elapsed=8s eta=12s
2026-06-25 23:18:56 | INFO | val epoch=11 step=300/494 progress=60.7% avg_loss=0.6974 elapsed=12s eta=8s
2026-06-25 23:18:59 | INFO | val epoch=11 step=400/494 progress=81.0% avg_loss=0.7090 elapsed=15s eta=4s
2026-06-25 23:19:03 | INFO | val epoch=11 step=494/494 progress=100.0% avg_loss=0.6917 elapsed=19s eta=0s
2026-06-25 23:19:05 | INFO | epoch=11 train_loss=0.6463 val_loss=0.6917 val_dice_1=0.6789 val_dice_2=0.6169 val_macro_dice=0.6479 lr=7.53e-06,7.50e-05
2026-06-25 23:19:05 | INFO | epoch 12 started lr=7.06e-06,7.04e-05
2026-06-25 23:19:17 | INFO | train epoch=12 step=100/1965 progress=5.1% avg_loss=0.6730 elapsed=13s eta=234s
2026-06-25 23:19:29 | INFO | train epoch=12 step=200/1965 progress=10.2% avg_loss=0.6667 elapsed=24s eta=215s
2026-06-25 23:19:41 | INFO | train epoch=12 step=300/1965 progress=15.3% avg_loss=0.6648 elapsed=36s eta=200s
2026-06-25 23:19:52 | INFO | train epoch=12 step=400/1965 progress=20.4% avg_loss=0.6621 elapsed=48s eta=187s
2026-06-25 23:20:04 | INFO | train epoch=12 step=500/1965 progress=25.4% avg_loss=0.6643 elapsed=60s eta=175s
2026-06-25 23:20:16 | INFO | train epoch=12 step=600/1965 progress=30.5% avg_loss=0.6620 elapsed=71s eta=163s
2026-06-25 23:20:28 | INFO | train epoch=12 step=700/1965 progress=35.6% avg_loss=0.6550 elapsed=83s eta=151s
2026-06-25 23:20:40 | INFO | train epoch=12 step=800/1965 progress=40.7% avg_loss=0.6562 elapsed=95s eta=139s
2026-06-25 23:20:52 | INFO | train epoch=12 step=900/1965 progress=45.8% avg_loss=0.6541 elapsed=107s eta=127s
2026-06-25 23:21:04 | INFO | train epoch=12 step=1000/1965 progress=50.9% avg_loss=0.6522 elapsed=119s eta=115s
2026-06-25 23:21:15 | INFO | train epoch=12 step=1100/1965 progress=56.0% avg_loss=0.6502 elapsed=131s eta=103s
2026-06-25 23:21:27 | INFO | train epoch=12 step=1200/1965 progress=61.1% avg_loss=0.6488 elapsed=143s eta=91s
2026-06-25 23:21:39 | INFO | train epoch=12 step=1300/1965 progress=66.2% avg_loss=0.6456 elapsed=155s eta=79s
2026-06-25 23:21:51 | INFO | train epoch=12 step=1400/1965 progress=71.2% avg_loss=0.6451 elapsed=166s eta=67s
2026-06-25 23:22:03 | INFO | train epoch=12 step=1500/1965 progress=76.3% avg_loss=0.6449 elapsed=178s eta=55s
2026-06-25 23:22:15 | INFO | train epoch=12 step=1600/1965 progress=81.4% avg_loss=0.6469 elapsed=190s eta=43s
2026-06-25 23:22:26 | INFO | train epoch=12 step=1700/1965 progress=86.5% avg_loss=0.6465 elapsed=202s eta=31s
2026-06-25 23:22:38 | INFO | train epoch=12 step=1800/1965 progress=91.6% avg_loss=0.6453 elapsed=214s eta=20s
2026-06-25 23:22:50 | INFO | train epoch=12 step=1900/1965 progress=96.7% avg_loss=0.6455 elapsed=225s eta=8s
2026-06-25 23:22:58 | INFO | train epoch=12 step=1965/1965 progress=100.0% avg_loss=0.6449 elapsed=233s eta=0s
2026-06-25 23:23:02 | INFO | val epoch=12 step=100/494 progress=20.2% avg_loss=0.6600 elapsed=4s eta=16s
2026-06-25 23:23:06 | INFO | val epoch=12 step=200/494 progress=40.5% avg_loss=0.6836 elapsed=8s eta=12s
2026-06-25 23:23:09 | INFO | val epoch=12 step=300/494 progress=60.7% avg_loss=0.7006 elapsed=12s eta=8s
2026-06-25 23:23:13 | INFO | val epoch=12 step=400/494 progress=81.0% avg_loss=0.7145 elapsed=15s eta=4s
2026-06-25 23:23:16 | INFO | val epoch=12 step=494/494 progress=100.0% avg_loss=0.6967 elapsed=19s eta=0s
2026-06-25 23:23:18 | INFO | new best paper_macro_dice=0.668327
2026-06-25 23:23:19 | INFO | epoch=12 train_loss=0.6449 val_loss=0.6967 val_dice_1=0.7141 val_dice_2=0.6226 val_macro_dice=0.6683 lr=7.06e-06,7.04e-05
2026-06-25 23:23:19 | INFO | epoch 13 started lr=6.58e-06,6.55e-05
2026-06-25 23:23:31 | INFO | train epoch=13 step=100/1965 progress=5.1% avg_loss=0.6495 elapsed=12s eta=230s
2026-06-25 23:23:43 | INFO | train epoch=13 step=200/1965 progress=10.2% avg_loss=0.6435 elapsed=24s eta=212s
2026-06-25 23:23:55 | INFO | train epoch=13 step=300/1965 progress=15.3% avg_loss=0.6419 elapsed=36s eta=199s
2026-06-25 23:24:07 | INFO | train epoch=13 step=400/1965 progress=20.4% avg_loss=0.6415 elapsed=48s eta=186s
2026-06-25 23:24:18 | INFO | train epoch=13 step=500/1965 progress=25.4% avg_loss=0.6403 elapsed=59s eta=174s
2026-06-25 23:24:30 | INFO | train epoch=13 step=600/1965 progress=30.5% avg_loss=0.6450 elapsed=71s eta=163s
2026-06-25 23:24:42 | INFO | train epoch=13 step=700/1965 progress=35.6% avg_loss=0.6463 elapsed=83s eta=150s
2026-06-25 23:24:54 | INFO | train epoch=13 step=800/1965 progress=40.7% avg_loss=0.6449 elapsed=95s eta=138s
2026-06-25 23:25:06 | INFO | train epoch=13 step=900/1965 progress=45.8% avg_loss=0.6458 elapsed=107s eta=126s
2026-06-25 23:25:17 | INFO | train epoch=13 step=1000/1965 progress=50.9% avg_loss=0.6471 elapsed=118s eta=114s
2026-06-25 23:25:29 | INFO | train epoch=13 step=1100/1965 progress=56.0% avg_loss=0.6454 elapsed=130s eta=102s
2026-06-25 23:25:41 | INFO | train epoch=13 step=1200/1965 progress=61.1% avg_loss=0.6446 elapsed=142s eta=91s
2026-06-25 23:25:53 | INFO | train epoch=13 step=1300/1965 progress=66.2% avg_loss=0.6449 elapsed=154s eta=79s
2026-06-25 23:26:05 | INFO | train epoch=13 step=1400/1965 progress=71.2% avg_loss=0.6433 elapsed=166s eta=67s
2026-06-25 23:26:16 | INFO | train epoch=13 step=1500/1965 progress=76.3% avg_loss=0.6436 elapsed=178s eta=55s
2026-06-25 23:26:28 | INFO | train epoch=13 step=1600/1965 progress=81.4% avg_loss=0.6428 elapsed=189s eta=43s
2026-06-25 23:26:40 | INFO | train epoch=13 step=1700/1965 progress=86.5% avg_loss=0.6439 elapsed=201s eta=31s
2026-06-25 23:26:52 | INFO | train epoch=13 step=1800/1965 progress=91.6% avg_loss=0.6437 elapsed=213s eta=20s
2026-06-25 23:27:04 | INFO | train epoch=13 step=1900/1965 progress=96.7% avg_loss=0.6418 elapsed=225s eta=8s
2026-06-25 23:27:12 | INFO | train epoch=13 step=1965/1965 progress=100.0% avg_loss=0.6422 elapsed=233s eta=0s
2026-06-25 23:27:16 | INFO | val epoch=13 step=100/494 progress=20.2% avg_loss=0.6588 elapsed=4s eta=17s
2026-06-25 23:27:20 | INFO | val epoch=13 step=200/494 progress=40.5% avg_loss=0.6783 elapsed=8s eta=12s
2026-06-25 23:27:23 | INFO | val epoch=13 step=300/494 progress=60.7% avg_loss=0.6963 elapsed=12s eta=8s
2026-06-25 23:27:27 | INFO | val epoch=13 step=400/494 progress=81.0% avg_loss=0.7084 elapsed=15s eta=4s
2026-06-25 23:27:30 | INFO | val epoch=13 step=494/494 progress=100.0% avg_loss=0.6955 elapsed=19s eta=0s
2026-06-25 23:27:32 | INFO | new best paper_macro_dice=0.673123
2026-06-25 23:27:33 | INFO | epoch=13 train_loss=0.6422 val_loss=0.6955 val_dice_1=0.7014 val_dice_2=0.6448 val_macro_dice=0.6731 lr=6.58e-06,6.55e-05
2026-06-25 23:27:33 | INFO | epoch 14 started lr=6.08e-06,6.04e-05
2026-06-25 23:27:46 | INFO | train epoch=14 step=100/1965 progress=5.1% avg_loss=0.6522 elapsed=12s eta=231s
2026-06-25 23:27:57 | INFO | train epoch=14 step=200/1965 progress=10.2% avg_loss=0.6476 elapsed=24s eta=213s
2026-06-25 23:28:09 | INFO | train epoch=14 step=300/1965 progress=15.3% avg_loss=0.6401 elapsed=36s eta=199s
2026-06-25 23:28:21 | INFO | train epoch=14 step=400/1965 progress=20.4% avg_loss=0.6345 elapsed=48s eta=186s
2026-06-25 23:28:32 | INFO | train epoch=14 step=500/1965 progress=25.4% avg_loss=0.6350 elapsed=59s eta=174s
2026-06-25 23:28:44 | INFO | train epoch=14 step=600/1965 progress=30.5% avg_loss=0.6411 elapsed=71s eta=161s
2026-06-25 23:28:56 | INFO | train epoch=14 step=700/1965 progress=35.6% avg_loss=0.6419 elapsed=83s eta=149s
2026-06-25 23:29:08 | INFO | train epoch=14 step=800/1965 progress=40.7% avg_loss=0.6457 elapsed=94s eta=138s
2026-06-25 23:29:19 | INFO | train epoch=14 step=900/1965 progress=45.8% avg_loss=0.6435 elapsed=106s eta=126s
2026-06-25 23:29:31 | INFO | train epoch=14 step=1000/1965 progress=50.9% avg_loss=0.6436 elapsed=118s eta=114s
2026-06-25 23:29:43 | INFO | train epoch=14 step=1100/1965 progress=56.0% avg_loss=0.6470 elapsed=130s eta=102s
2026-06-25 23:29:55 | INFO | train epoch=14 step=1200/1965 progress=61.1% avg_loss=0.6450 elapsed=142s eta=90s
2026-06-25 23:30:07 | INFO | train epoch=14 step=1300/1965 progress=66.2% avg_loss=0.6455 elapsed=153s eta=78s
2026-06-25 23:30:18 | INFO | train epoch=14 step=1400/1965 progress=71.2% avg_loss=0.6447 elapsed=165s eta=67s
2026-06-25 23:30:30 | INFO | train epoch=14 step=1500/1965 progress=76.3% avg_loss=0.6449 elapsed=177s eta=55s
2026-06-25 23:30:42 | INFO | train epoch=14 step=1600/1965 progress=81.4% avg_loss=0.6436 elapsed=189s eta=43s
2026-06-25 23:30:54 | INFO | train epoch=14 step=1700/1965 progress=86.5% avg_loss=0.6415 elapsed=200s eta=31s
2026-06-25 23:31:05 | INFO | train epoch=14 step=1800/1965 progress=91.6% avg_loss=0.6413 elapsed=212s eta=19s
2026-06-25 23:31:17 | INFO | train epoch=14 step=1900/1965 progress=96.7% avg_loss=0.6403 elapsed=224s eta=8s
2026-06-25 23:31:25 | INFO | train epoch=14 step=1965/1965 progress=100.0% avg_loss=0.6394 elapsed=231s eta=0s
2026-06-25 23:31:29 | INFO | val epoch=14 step=100/494 progress=20.2% avg_loss=0.6580 elapsed=4s eta=16s
2026-06-25 23:31:33 | INFO | val epoch=14 step=200/494 progress=40.5% avg_loss=0.6836 elapsed=8s eta=11s
2026-06-25 23:31:36 | INFO | val epoch=14 step=300/494 progress=60.7% avg_loss=0.7106 elapsed=12s eta=7s
2026-06-25 23:31:40 | INFO | val epoch=14 step=400/494 progress=81.0% avg_loss=0.7223 elapsed=15s eta=4s
2026-06-25 23:31:44 | INFO | val epoch=14 step=494/494 progress=100.0% avg_loss=0.7044 elapsed=19s eta=0s
2026-06-25 23:31:45 | INFO | epoch=14 train_loss=0.6394 val_loss=0.7044 val_dice_1=0.6817 val_dice_2=0.6484 val_macro_dice=0.6651 lr=6.08e-06,6.04e-05
2026-06-25 23:31:45 | INFO | epoch 15 started lr=5.57e-06,5.53e-05
2026-06-25 23:31:57 | INFO | train epoch=15 step=100/1965 progress=5.1% avg_loss=0.6510 elapsed=12s eta=231s
2026-06-25 23:32:09 | INFO | train epoch=15 step=200/1965 progress=10.2% avg_loss=0.6498 elapsed=24s eta=213s
2026-06-25 23:32:21 | INFO | train epoch=15 step=300/1965 progress=15.3% avg_loss=0.6446 elapsed=36s eta=200s
2026-06-25 23:32:32 | INFO | train epoch=15 step=400/1965 progress=20.4% avg_loss=0.6370 elapsed=48s eta=187s
2026-06-25 23:32:44 | INFO | train epoch=15 step=500/1965 progress=25.4% avg_loss=0.6324 elapsed=59s eta=174s
2026-06-25 23:32:56 | INFO | train epoch=15 step=600/1965 progress=30.5% avg_loss=0.6364 elapsed=71s eta=162s
2026-06-25 23:33:08 | INFO | train epoch=15 step=700/1965 progress=35.6% avg_loss=0.6319 elapsed=83s eta=150s
2026-06-25 23:33:20 | INFO | train epoch=15 step=800/1965 progress=40.7% avg_loss=0.6336 elapsed=95s eta=138s
2026-06-25 23:33:31 | INFO | train epoch=15 step=900/1965 progress=45.8% avg_loss=0.6319 elapsed=107s eta=126s
2026-06-25 23:33:43 | INFO | train epoch=15 step=1000/1965 progress=50.9% avg_loss=0.6310 elapsed=118s eta=114s
2026-06-25 23:33:55 | INFO | train epoch=15 step=1100/1965 progress=56.0% avg_loss=0.6299 elapsed=130s eta=102s
2026-06-25 23:34:07 | INFO | train epoch=15 step=1200/1965 progress=61.1% avg_loss=0.6308 elapsed=142s eta=90s
2026-06-25 23:34:18 | INFO | train epoch=15 step=1300/1965 progress=66.2% avg_loss=0.6300 elapsed=154s eta=79s
2026-06-25 23:34:30 | INFO | train epoch=15 step=1400/1965 progress=71.2% avg_loss=0.6290 elapsed=165s eta=67s
2026-06-25 23:34:42 | INFO | train epoch=15 step=1500/1965 progress=76.3% avg_loss=0.6304 elapsed=177s eta=55s
2026-06-25 23:34:54 | INFO | train epoch=15 step=1600/1965 progress=81.4% avg_loss=0.6322 elapsed=189s eta=43s
2026-06-25 23:35:06 | INFO | train epoch=15 step=1700/1965 progress=86.5% avg_loss=0.6336 elapsed=201s eta=31s
2026-06-25 23:35:17 | INFO | train epoch=15 step=1800/1965 progress=91.6% avg_loss=0.6334 elapsed=213s eta=19s
2026-06-25 23:35:29 | INFO | train epoch=15 step=1900/1965 progress=96.7% avg_loss=0.6333 elapsed=225s eta=8s
2026-06-25 23:35:37 | INFO | train epoch=15 step=1965/1965 progress=100.0% avg_loss=0.6344 elapsed=232s eta=0s
2026-06-25 23:35:41 | INFO | val epoch=15 step=100/494 progress=20.2% avg_loss=0.6756 elapsed=4s eta=17s
2026-06-25 23:35:45 | INFO | val epoch=15 step=200/494 progress=40.5% avg_loss=0.7097 elapsed=8s eta=12s
2026-06-25 23:35:49 | INFO | val epoch=15 step=300/494 progress=60.7% avg_loss=0.7361 elapsed=12s eta=8s
2026-06-25 23:35:53 | INFO | val epoch=15 step=400/494 progress=81.0% avg_loss=0.7456 elapsed=16s eta=4s
2026-06-25 23:35:56 | INFO | val epoch=15 step=494/494 progress=100.0% avg_loss=0.7261 elapsed=19s eta=0s
2026-06-25 23:35:58 | INFO | epoch=15 train_loss=0.6344 val_loss=0.7261 val_dice_1=0.6918 val_dice_2=0.5935 val_macro_dice=0.6427 lr=5.57e-06,5.53e-05
2026-06-25 23:35:58 | INFO | epoch 16 started lr=5.05e-06,5.01e-05
2026-06-25 23:36:10 | INFO | train epoch=16 step=100/1965 progress=5.1% avg_loss=0.6242 elapsed=13s eta=234s
2026-06-25 23:36:22 | INFO | train epoch=16 step=200/1965 progress=10.2% avg_loss=0.6181 elapsed=24s eta=215s
2026-06-25 23:36:34 | INFO | train epoch=16 step=300/1965 progress=15.3% avg_loss=0.6241 elapsed=36s eta=201s
2026-06-25 23:36:45 | INFO | train epoch=16 step=400/1965 progress=20.4% avg_loss=0.6270 elapsed=48s eta=187s
2026-06-25 23:36:57 | INFO | train epoch=16 step=500/1965 progress=25.4% avg_loss=0.6314 elapsed=60s eta=175s
2026-06-25 23:37:09 | INFO | train epoch=16 step=600/1965 progress=30.5% avg_loss=0.6368 elapsed=72s eta=163s
2026-06-25 23:37:21 | INFO | train epoch=16 step=700/1965 progress=35.6% avg_loss=0.6368 elapsed=83s eta=151s
2026-06-25 23:37:33 | INFO | train epoch=16 step=800/1965 progress=40.7% avg_loss=0.6369 elapsed=95s eta=139s
2026-06-25 23:37:44 | INFO | train epoch=16 step=900/1965 progress=45.8% avg_loss=0.6323 elapsed=107s eta=126s
2026-06-25 23:37:56 | INFO | train epoch=16 step=1000/1965 progress=50.9% avg_loss=0.6326 elapsed=119s eta=114s
2026-06-25 23:38:08 | INFO | train epoch=16 step=1100/1965 progress=56.0% avg_loss=0.6339 elapsed=130s eta=102s
2026-06-25 23:38:20 | INFO | train epoch=16 step=1200/1965 progress=61.1% avg_loss=0.6334 elapsed=142s eta=91s
2026-06-25 23:38:31 | INFO | train epoch=16 step=1300/1965 progress=66.2% avg_loss=0.6330 elapsed=154s eta=79s
2026-06-25 23:38:43 | INFO | train epoch=16 step=1400/1965 progress=71.2% avg_loss=0.6352 elapsed=165s eta=67s
2026-06-25 23:38:55 | INFO | train epoch=16 step=1500/1965 progress=76.3% avg_loss=0.6364 elapsed=177s eta=55s
2026-06-25 23:39:07 | INFO | train epoch=16 step=1600/1965 progress=81.4% avg_loss=0.6371 elapsed=189s eta=43s
2026-06-25 23:39:18 | INFO | train epoch=16 step=1700/1965 progress=86.5% avg_loss=0.6350 elapsed=201s eta=31s
2026-06-25 23:39:30 | INFO | train epoch=16 step=1800/1965 progress=91.6% avg_loss=0.6339 elapsed=213s eta=19s
2026-06-25 23:39:42 | INFO | train epoch=16 step=1900/1965 progress=96.7% avg_loss=0.6345 elapsed=224s eta=8s
2026-06-25 23:39:50 | INFO | train epoch=16 step=1965/1965 progress=100.0% avg_loss=0.6345 elapsed=232s eta=0s
2026-06-25 23:39:54 | INFO | val epoch=16 step=100/494 progress=20.2% avg_loss=0.6534 elapsed=4s eta=16s
2026-06-25 23:39:58 | INFO | val epoch=16 step=200/494 progress=40.5% avg_loss=0.6707 elapsed=8s eta=12s
2026-06-25 23:40:02 | INFO | val epoch=16 step=300/494 progress=60.7% avg_loss=0.6970 elapsed=12s eta=8s
2026-06-25 23:40:05 | INFO | val epoch=16 step=400/494 progress=81.0% avg_loss=0.7100 elapsed=15s eta=4s
2026-06-25 23:40:09 | INFO | val epoch=16 step=494/494 progress=100.0% avg_loss=0.6917 elapsed=19s eta=0s
2026-06-25 23:40:10 | INFO | epoch=16 train_loss=0.6345 val_loss=0.6917 val_dice_1=0.6707 val_dice_2=0.5853 val_macro_dice=0.6280 lr=5.05e-06,5.01e-05
2026-06-25 23:40:10 | INFO | epoch 17 started lr=4.53e-06,4.48e-05
2026-06-25 23:40:23 | INFO | train epoch=17 step=100/1965 progress=5.1% avg_loss=0.6298 elapsed=12s eta=229s
2026-06-25 23:40:34 | INFO | train epoch=17 step=200/1965 progress=10.2% avg_loss=0.6262 elapsed=24s eta=211s
2026-06-25 23:40:46 | INFO | train epoch=17 step=300/1965 progress=15.3% avg_loss=0.6276 elapsed=36s eta=198s
2026-06-25 23:40:58 | INFO | train epoch=17 step=400/1965 progress=20.4% avg_loss=0.6253 elapsed=47s eta=185s
2026-06-25 23:41:09 | INFO | train epoch=17 step=500/1965 progress=25.4% avg_loss=0.6279 elapsed=59s eta=173s
2026-06-25 23:41:21 | INFO | train epoch=17 step=600/1965 progress=30.5% avg_loss=0.6274 elapsed=71s eta=162s
2026-06-25 23:41:33 | INFO | train epoch=17 step=700/1965 progress=35.6% avg_loss=0.6233 elapsed=83s eta=150s
2026-06-25 23:41:45 | INFO | train epoch=17 step=800/1965 progress=40.7% avg_loss=0.6239 elapsed=94s eta=137s
2026-06-25 23:41:56 | INFO | train epoch=17 step=900/1965 progress=45.8% avg_loss=0.6248 elapsed=106s eta=126s
2026-06-25 23:42:08 | INFO | train epoch=17 step=1000/1965 progress=50.9% avg_loss=0.6238 elapsed=118s eta=114s
2026-06-25 23:42:20 | INFO | train epoch=17 step=1100/1965 progress=56.0% avg_loss=0.6253 elapsed=130s eta=102s
2026-06-25 23:42:32 | INFO | train epoch=17 step=1200/1965 progress=61.1% avg_loss=0.6242 elapsed=142s eta=90s
2026-06-25 23:42:43 | INFO | train epoch=17 step=1300/1965 progress=66.2% avg_loss=0.6274 elapsed=153s eta=78s
2026-06-25 23:42:55 | INFO | train epoch=17 step=1400/1965 progress=71.2% avg_loss=0.6285 elapsed=165s eta=67s
2026-06-25 23:43:07 | INFO | train epoch=17 step=1500/1965 progress=76.3% avg_loss=0.6285 elapsed=177s eta=55s
2026-06-25 23:43:19 | INFO | train epoch=17 step=1600/1965 progress=81.4% avg_loss=0.6280 elapsed=188s eta=43s
2026-06-25 23:43:31 | INFO | train epoch=17 step=1700/1965 progress=86.5% avg_loss=0.6287 elapsed=200s eta=31s
2026-06-25 23:43:42 | INFO | train epoch=17 step=1800/1965 progress=91.6% avg_loss=0.6300 elapsed=212s eta=19s
2026-06-25 23:43:54 | INFO | train epoch=17 step=1900/1965 progress=96.7% avg_loss=0.6294 elapsed=224s eta=8s
2026-06-25 23:44:02 | INFO | train epoch=17 step=1965/1965 progress=100.0% avg_loss=0.6310 elapsed=232s eta=0s
2026-06-25 23:44:06 | INFO | val epoch=17 step=100/494 progress=20.2% avg_loss=0.6561 elapsed=4s eta=16s
2026-06-25 23:44:10 | INFO | val epoch=17 step=200/494 progress=40.5% avg_loss=0.6881 elapsed=8s eta=11s
2026-06-25 23:44:14 | INFO | val epoch=17 step=300/494 progress=60.7% avg_loss=0.7272 elapsed=12s eta=7s
2026-06-25 23:44:17 | INFO | val epoch=17 step=400/494 progress=81.0% avg_loss=0.7345 elapsed=15s eta=4s
2026-06-25 23:44:21 | INFO | val epoch=17 step=494/494 progress=100.0% avg_loss=0.7174 elapsed=19s eta=0s
2026-06-25 23:44:22 | INFO | epoch=17 train_loss=0.6310 val_loss=0.7174 val_dice_1=0.6697 val_dice_2=0.6630 val_macro_dice=0.6663 lr=4.53e-06,4.48e-05
2026-06-25 23:44:22 | INFO | epoch 18 started lr=4.02e-06,3.97e-05
2026-06-25 23:44:35 | INFO | train epoch=18 step=100/1965 progress=5.1% avg_loss=0.6391 elapsed=12s eta=230s
2026-06-25 23:44:46 | INFO | train epoch=18 step=200/1965 progress=10.2% avg_loss=0.6454 elapsed=24s eta=212s
2026-06-25 23:44:58 | INFO | train epoch=18 step=300/1965 progress=15.3% avg_loss=0.6371 elapsed=36s eta=198s
2026-06-25 23:45:10 | INFO | train epoch=18 step=400/1965 progress=20.4% avg_loss=0.6361 elapsed=47s eta=186s
2026-06-25 23:45:22 | INFO | train epoch=18 step=500/1965 progress=25.4% avg_loss=0.6310 elapsed=59s eta=174s
2026-06-25 23:45:33 | INFO | train epoch=18 step=600/1965 progress=30.5% avg_loss=0.6336 elapsed=71s eta=161s
2026-06-25 23:45:45 | INFO | train epoch=18 step=700/1965 progress=35.6% avg_loss=0.6338 elapsed=83s eta=150s
2026-06-25 23:45:57 | INFO | train epoch=18 step=800/1965 progress=40.7% avg_loss=0.6301 elapsed=94s eta=138s
2026-06-25 23:46:09 | INFO | train epoch=18 step=900/1965 progress=45.8% avg_loss=0.6285 elapsed=106s eta=126s
2026-06-25 23:46:21 | INFO | train epoch=18 step=1000/1965 progress=50.9% avg_loss=0.6289 elapsed=118s eta=114s
2026-06-25 23:46:33 | INFO | train epoch=18 step=1100/1965 progress=56.0% avg_loss=0.6270 elapsed=130s eta=102s
2026-06-25 23:46:44 | INFO | train epoch=18 step=1200/1965 progress=61.1% avg_loss=0.6264 elapsed=142s eta=91s
2026-06-25 23:46:56 | INFO | train epoch=18 step=1300/1965 progress=66.2% avg_loss=0.6243 elapsed=154s eta=79s
2026-06-25 23:47:08 | INFO | train epoch=18 step=1400/1965 progress=71.2% avg_loss=0.6240 elapsed=165s eta=67s
2026-06-25 23:47:20 | INFO | train epoch=18 step=1500/1965 progress=76.3% avg_loss=0.6256 elapsed=177s eta=55s
2026-06-25 23:47:31 | INFO | train epoch=18 step=1600/1965 progress=81.4% avg_loss=0.6265 elapsed=189s eta=43s
2026-06-25 23:47:43 | INFO | train epoch=18 step=1700/1965 progress=86.5% avg_loss=0.6281 elapsed=201s eta=31s
2026-06-25 23:47:55 | INFO | train epoch=18 step=1800/1965 progress=91.6% avg_loss=0.6278 elapsed=212s eta=19s
2026-06-25 23:48:06 | INFO | train epoch=18 step=1900/1965 progress=96.7% avg_loss=0.6288 elapsed=224s eta=8s
2026-06-25 23:48:14 | INFO | train epoch=18 step=1965/1965 progress=100.0% avg_loss=0.6294 elapsed=232s eta=0s
2026-06-25 23:48:18 | INFO | val epoch=18 step=100/494 progress=20.2% avg_loss=0.6753 elapsed=4s eta=16s
2026-06-25 23:48:22 | INFO | val epoch=18 step=200/494 progress=40.5% avg_loss=0.7023 elapsed=8s eta=12s
2026-06-25 23:48:26 | INFO | val epoch=18 step=300/494 progress=60.7% avg_loss=0.7312 elapsed=12s eta=8s
2026-06-25 23:48:30 | INFO | val epoch=18 step=400/494 progress=81.0% avg_loss=0.7382 elapsed=15s eta=4s
2026-06-25 23:48:33 | INFO | val epoch=18 step=494/494 progress=100.0% avg_loss=0.7200 elapsed=19s eta=0s
2026-06-25 23:48:34 | INFO | new best paper_macro_dice=0.681821
2026-06-25 23:48:36 | INFO | epoch=18 train_loss=0.6294 val_loss=0.7200 val_dice_1=0.6907 val_dice_2=0.6730 val_macro_dice=0.6818 lr=4.02e-06,3.97e-05
2026-06-25 23:48:36 | INFO | epoch 19 started lr=3.52e-06,3.46e-05
2026-06-25 23:48:48 | INFO | train epoch=19 step=100/1965 progress=5.1% avg_loss=0.6112 elapsed=12s eta=230s
2026-06-25 23:49:00 | INFO | train epoch=19 step=200/1965 progress=10.2% avg_loss=0.6311 elapsed=24s eta=213s
2026-06-25 23:49:12 | INFO | train epoch=19 step=300/1965 progress=15.3% avg_loss=0.6255 elapsed=36s eta=199s
2026-06-25 23:49:24 | INFO | train epoch=19 step=400/1965 progress=20.4% avg_loss=0.6196 elapsed=48s eta=187s
2026-06-25 23:49:35 | INFO | train epoch=19 step=500/1965 progress=25.4% avg_loss=0.6187 elapsed=60s eta=175s
2026-06-25 23:49:47 | INFO | train epoch=19 step=600/1965 progress=30.5% avg_loss=0.6215 elapsed=72s eta=163s
2026-06-25 23:49:59 | INFO | train epoch=19 step=700/1965 progress=35.6% avg_loss=0.6202 elapsed=83s eta=151s
2026-06-25 23:50:11 | INFO | train epoch=19 step=800/1965 progress=40.7% avg_loss=0.6208 elapsed=95s eta=139s
2026-06-25 23:50:23 | INFO | train epoch=19 step=900/1965 progress=45.8% avg_loss=0.6227 elapsed=107s eta=127s
2026-06-25 23:50:34 | INFO | train epoch=19 step=1000/1965 progress=50.9% avg_loss=0.6197 elapsed=119s eta=114s
2026-06-25 23:50:46 | INFO | train epoch=19 step=1100/1965 progress=56.0% avg_loss=0.6200 elapsed=130s eta=103s
2026-06-25 23:50:58 | INFO | train epoch=19 step=1200/1965 progress=61.1% avg_loss=0.6234 elapsed=142s eta=91s
2026-06-25 23:51:10 | INFO | train epoch=19 step=1300/1965 progress=66.2% avg_loss=0.6246 elapsed=154s eta=79s
2026-06-25 23:51:21 | INFO | train epoch=19 step=1400/1965 progress=71.2% avg_loss=0.6266 elapsed=166s eta=67s
2026-06-25 23:51:33 | INFO | train epoch=19 step=1500/1965 progress=76.3% avg_loss=0.6278 elapsed=177s eta=55s
2026-06-25 23:51:45 | INFO | train epoch=19 step=1600/1965 progress=81.4% avg_loss=0.6278 elapsed=189s eta=43s
2026-06-25 23:51:57 | INFO | train epoch=19 step=1700/1965 progress=86.5% avg_loss=0.6269 elapsed=201s eta=31s
2026-06-25 23:52:09 | INFO | train epoch=19 step=1800/1965 progress=91.6% avg_loss=0.6262 elapsed=213s eta=20s
2026-06-25 23:52:20 | INFO | train epoch=19 step=1900/1965 progress=96.7% avg_loss=0.6278 elapsed=225s eta=8s
2026-06-25 23:52:28 | INFO | train epoch=19 step=1965/1965 progress=100.0% avg_loss=0.6279 elapsed=232s eta=0s
2026-06-25 23:52:32 | INFO | val epoch=19 step=100/494 progress=20.2% avg_loss=0.6586 elapsed=4s eta=17s
2026-06-25 23:52:36 | INFO | val epoch=19 step=200/494 progress=40.5% avg_loss=0.6778 elapsed=8s eta=12s
2026-06-25 23:52:40 | INFO | val epoch=19 step=300/494 progress=60.7% avg_loss=0.7207 elapsed=12s eta=8s
2026-06-25 23:52:44 | INFO | val epoch=19 step=400/494 progress=81.0% avg_loss=0.7291 elapsed=16s eta=4s
2026-06-25 23:52:47 | INFO | val epoch=19 step=494/494 progress=100.0% avg_loss=0.7125 elapsed=19s eta=0s
2026-06-25 23:52:49 | INFO | epoch=19 train_loss=0.6279 val_loss=0.7125 val_dice_1=0.6732 val_dice_2=0.6809 val_macro_dice=0.6770 lr=3.52e-06,3.46e-05
2026-06-25 23:52:49 | INFO | epoch 20 started lr=3.04e-06,2.97e-05
2026-06-25 23:53:01 | INFO | train epoch=20 step=100/1965 progress=5.1% avg_loss=0.6284 elapsed=12s eta=230s
2026-06-25 23:53:13 | INFO | train epoch=20 step=200/1965 progress=10.2% avg_loss=0.6204 elapsed=24s eta=213s
2026-06-25 23:53:25 | INFO | train epoch=20 step=300/1965 progress=15.3% avg_loss=0.6203 elapsed=36s eta=199s
2026-06-25 23:53:36 | INFO | train epoch=20 step=400/1965 progress=20.4% avg_loss=0.6278 elapsed=48s eta=186s
2026-06-25 23:53:48 | INFO | train epoch=20 step=500/1965 progress=25.4% avg_loss=0.6331 elapsed=59s eta=174s
2026-06-25 23:54:00 | INFO | train epoch=20 step=600/1965 progress=30.5% avg_loss=0.6335 elapsed=71s eta=162s
2026-06-25 23:54:12 | INFO | train epoch=20 step=700/1965 progress=35.6% avg_loss=0.6350 elapsed=83s eta=150s
2026-06-25 23:54:23 | INFO | train epoch=20 step=800/1965 progress=40.7% avg_loss=0.6320 elapsed=95s eta=138s
2026-06-25 23:54:35 | INFO | train epoch=20 step=900/1965 progress=45.8% avg_loss=0.6303 elapsed=106s eta=126s
2026-06-25 23:54:47 | INFO | train epoch=20 step=1000/1965 progress=50.9% avg_loss=0.6322 elapsed=118s eta=114s
2026-06-25 23:54:59 | INFO | train epoch=20 step=1100/1965 progress=56.0% avg_loss=0.6277 elapsed=130s eta=102s
2026-06-25 23:55:10 | INFO | train epoch=20 step=1200/1965 progress=61.1% avg_loss=0.6297 elapsed=142s eta=90s
2026-06-25 23:55:22 | INFO | train epoch=20 step=1300/1965 progress=66.2% avg_loss=0.6302 elapsed=153s eta=78s
2026-06-25 23:55:34 | INFO | train epoch=20 step=1400/1965 progress=71.2% avg_loss=0.6296 elapsed=165s eta=67s
2026-06-25 23:55:46 | INFO | train epoch=20 step=1500/1965 progress=76.3% avg_loss=0.6293 elapsed=177s eta=55s
2026-06-25 23:55:58 | INFO | train epoch=20 step=1600/1965 progress=81.4% avg_loss=0.6294 elapsed=189s eta=43s
2026-06-25 23:56:09 | INFO | train epoch=20 step=1700/1965 progress=86.5% avg_loss=0.6284 elapsed=200s eta=31s
2026-06-25 23:56:21 | INFO | train epoch=20 step=1800/1965 progress=91.6% avg_loss=0.6276 elapsed=212s eta=19s
2026-06-25 23:56:33 | INFO | train epoch=20 step=1900/1965 progress=96.7% avg_loss=0.6270 elapsed=224s eta=8s
2026-06-25 23:56:40 | INFO | train epoch=20 step=1965/1965 progress=100.0% avg_loss=0.6266 elapsed=232s eta=0s
2026-06-25 23:56:45 | INFO | val epoch=20 step=100/494 progress=20.2% avg_loss=0.6503 elapsed=4s eta=16s
2026-06-25 23:56:48 | INFO | val epoch=20 step=200/494 progress=40.5% avg_loss=0.6768 elapsed=8s eta=12s
2026-06-25 23:56:52 | INFO | val epoch=20 step=300/494 progress=60.7% avg_loss=0.7031 elapsed=12s eta=7s
2026-06-25 23:56:56 | INFO | val epoch=20 step=400/494 progress=81.0% avg_loss=0.7142 elapsed=15s eta=4s
2026-06-25 23:56:59 | INFO | val epoch=20 step=494/494 progress=100.0% avg_loss=0.6962 elapsed=19s eta=0s
2026-06-25 23:57:01 | INFO | epoch=20 train_loss=0.6266 val_loss=0.6962 val_dice_1=0.6731 val_dice_2=0.6447 val_macro_dice=0.6589 lr=3.04e-06,2.97e-05
2026-06-25 23:57:01 | INFO | epoch 21 started lr=2.58e-06,2.51e-05
2026-06-25 23:57:14 | INFO | train epoch=21 step=100/1965 progress=5.1% avg_loss=0.6403 elapsed=13s eta=235s
2026-06-25 23:57:26 | INFO | train epoch=21 step=200/1965 progress=10.2% avg_loss=0.6425 elapsed=25s eta=216s
2026-06-25 23:57:37 | INFO | train epoch=21 step=300/1965 progress=15.3% avg_loss=0.6297 elapsed=36s eta=202s
2026-06-25 23:57:49 | INFO | train epoch=21 step=400/1965 progress=20.4% avg_loss=0.6234 elapsed=48s eta=189s
2026-06-25 23:58:01 | INFO | train epoch=21 step=500/1965 progress=25.4% avg_loss=0.6249 elapsed=60s eta=176s
2026-06-25 23:58:13 | INFO | train epoch=21 step=600/1965 progress=30.5% avg_loss=0.6267 elapsed=72s eta=163s
2026-06-25 23:58:25 | INFO | train epoch=21 step=700/1965 progress=35.6% avg_loss=0.6225 elapsed=83s eta=151s
2026-06-25 23:58:36 | INFO | train epoch=21 step=800/1965 progress=40.7% avg_loss=0.6248 elapsed=95s eta=138s
2026-06-25 23:58:48 | INFO | train epoch=21 step=900/1965 progress=45.8% avg_loss=0.6250 elapsed=107s eta=126s
2026-06-25 23:58:59 | INFO | train epoch=21 step=1000/1965 progress=50.9% avg_loss=0.6253 elapsed=118s eta=114s
2026-06-25 23:59:11 | INFO | train epoch=21 step=1100/1965 progress=56.0% avg_loss=0.6252 elapsed=130s eta=102s
2026-06-25 23:59:23 | INFO | train epoch=21 step=1200/1965 progress=61.1% avg_loss=0.6222 elapsed=142s eta=90s
2026-06-25 23:59:35 | INFO | train epoch=21 step=1300/1965 progress=66.2% avg_loss=0.6223 elapsed=153s eta=79s
2026-06-25 23:59:46 | INFO | train epoch=21 step=1400/1965 progress=71.2% avg_loss=0.6246 elapsed=165s eta=67s
2026-06-25 23:59:58 | INFO | train epoch=21 step=1500/1965 progress=76.3% avg_loss=0.6236 elapsed=177s eta=55s
2026-06-26 00:00:10 | INFO | train epoch=21 step=1600/1965 progress=81.4% avg_loss=0.6234 elapsed=189s eta=43s
2026-06-26 00:00:22 | INFO | train epoch=21 step=1700/1965 progress=86.5% avg_loss=0.6228 elapsed=201s eta=31s
2026-06-26 00:00:34 | INFO | train epoch=21 step=1800/1965 progress=91.6% avg_loss=0.6240 elapsed=213s eta=19s
2026-06-26 00:00:45 | INFO | train epoch=21 step=1900/1965 progress=96.7% avg_loss=0.6235 elapsed=224s eta=8s
2026-06-26 00:00:53 | INFO | train epoch=21 step=1965/1965 progress=100.0% avg_loss=0.6236 elapsed=232s eta=0s
2026-06-26 00:00:57 | INFO | val epoch=21 step=100/494 progress=20.2% avg_loss=0.6595 elapsed=4s eta=17s
2026-06-26 00:01:01 | INFO | val epoch=21 step=200/494 progress=40.5% avg_loss=0.6833 elapsed=8s eta=12s
2026-06-26 00:01:05 | INFO | val epoch=21 step=300/494 progress=60.7% avg_loss=0.7205 elapsed=12s eta=8s
2026-06-26 00:01:08 | INFO | val epoch=21 step=400/494 progress=81.0% avg_loss=0.7292 elapsed=15s eta=4s
2026-06-26 00:01:12 | INFO | val epoch=21 step=494/494 progress=100.0% avg_loss=0.7094 elapsed=19s eta=0s
2026-06-26 00:01:13 | INFO | epoch=21 train_loss=0.6236 val_loss=0.7094 val_dice_1=0.6547 val_dice_2=0.6265 val_macro_dice=0.6406 lr=2.58e-06,2.51e-05
2026-06-26 00:01:13 | INFO | epoch 22 started lr=2.14e-06,2.07e-05
2026-06-26 00:01:26 | INFO | train epoch=22 step=100/1965 progress=5.1% avg_loss=0.6188 elapsed=12s eta=230s
2026-06-26 00:01:37 | INFO | train epoch=22 step=200/1965 progress=10.2% avg_loss=0.6273 elapsed=24s eta=213s
2026-06-26 00:01:49 | INFO | train epoch=22 step=300/1965 progress=15.3% avg_loss=0.6312 elapsed=36s eta=199s
2026-06-26 00:02:01 | INFO | train epoch=22 step=400/1965 progress=20.4% avg_loss=0.6275 elapsed=48s eta=187s
2026-06-26 00:02:13 | INFO | train epoch=22 step=500/1965 progress=25.4% avg_loss=0.6308 elapsed=60s eta=175s
2026-06-26 00:02:25 | INFO | train epoch=22 step=600/1965 progress=30.5% avg_loss=0.6300 elapsed=71s eta=162s
2026-06-26 00:02:36 | INFO | train epoch=22 step=700/1965 progress=35.6% avg_loss=0.6293 elapsed=83s eta=150s
2026-06-26 00:02:48 | INFO | train epoch=22 step=800/1965 progress=40.7% avg_loss=0.6290 elapsed=95s eta=138s
2026-06-26 00:03:00 | INFO | train epoch=22 step=900/1965 progress=45.8% avg_loss=0.6275 elapsed=107s eta=126s
2026-06-26 00:03:12 | INFO | train epoch=22 step=1000/1965 progress=50.9% avg_loss=0.6296 elapsed=118s eta=114s
2026-06-26 00:03:23 | INFO | train epoch=22 step=1100/1965 progress=56.0% avg_loss=0.6274 elapsed=130s eta=102s
2026-06-26 00:03:35 | INFO | train epoch=22 step=1200/1965 progress=61.1% avg_loss=0.6271 elapsed=142s eta=90s
2026-06-26 00:03:47 | INFO | train epoch=22 step=1300/1965 progress=66.2% avg_loss=0.6259 elapsed=153s eta=78s
2026-06-26 00:03:58 | INFO | train epoch=22 step=1400/1965 progress=71.2% avg_loss=0.6236 elapsed=165s eta=67s
2026-06-26 00:04:10 | INFO | train epoch=22 step=1500/1965 progress=76.3% avg_loss=0.6240 elapsed=177s eta=55s
2026-06-26 00:04:22 | INFO | train epoch=22 step=1600/1965 progress=81.4% avg_loss=0.6234 elapsed=188s eta=43s
2026-06-26 00:04:33 | INFO | train epoch=22 step=1700/1965 progress=86.5% avg_loss=0.6234 elapsed=200s eta=31s
2026-06-26 00:04:45 | INFO | train epoch=22 step=1800/1965 progress=91.6% avg_loss=0.6222 elapsed=212s eta=19s
2026-06-26 00:04:57 | INFO | train epoch=22 step=1900/1965 progress=96.7% avg_loss=0.6217 elapsed=224s eta=8s
2026-06-26 00:05:04 | INFO | train epoch=22 step=1965/1965 progress=100.0% avg_loss=0.6228 elapsed=231s eta=0s
2026-06-26 00:05:09 | INFO | val epoch=22 step=100/494 progress=20.2% avg_loss=0.6587 elapsed=4s eta=17s
2026-06-26 00:05:12 | INFO | val epoch=22 step=200/494 progress=40.5% avg_loss=0.6851 elapsed=8s eta=12s
2026-06-26 00:05:16 | INFO | val epoch=22 step=300/494 progress=60.7% avg_loss=0.7239 elapsed=12s eta=8s
2026-06-26 00:05:20 | INFO | val epoch=22 step=400/494 progress=81.0% avg_loss=0.7328 elapsed=15s eta=4s
2026-06-26 00:05:24 | INFO | val epoch=22 step=494/494 progress=100.0% avg_loss=0.7128 elapsed=19s eta=0s
2026-06-26 00:05:25 | INFO | epoch=22 train_loss=0.6228 val_loss=0.7128 val_dice_1=0.6288 val_dice_2=0.6431 val_macro_dice=0.6359 lr=2.14e-06,2.07e-05
2026-06-26 00:05:25 | INFO | epoch 23 started lr=1.74e-06,1.66e-05
2026-06-26 00:05:38 | INFO | train epoch=23 step=100/1965 progress=5.1% avg_loss=0.5923 elapsed=13s eta=240s
2026-06-26 00:05:50 | INFO | train epoch=23 step=200/1965 progress=10.2% avg_loss=0.6113 elapsed=25s eta=217s
2026-06-26 00:06:02 | INFO | train epoch=23 step=300/1965 progress=15.3% avg_loss=0.6150 elapsed=36s eta=202s
2026-06-26 00:06:13 | INFO | train epoch=23 step=400/1965 progress=20.4% avg_loss=0.6152 elapsed=48s eta=188s
2026-06-26 00:06:25 | INFO | train epoch=23 step=500/1965 progress=25.4% avg_loss=0.6153 elapsed=60s eta=175s
2026-06-26 00:06:37 | INFO | train epoch=23 step=600/1965 progress=30.5% avg_loss=0.6182 elapsed=72s eta=163s
2026-06-26 00:06:48 | INFO | train epoch=23 step=700/1965 progress=35.6% avg_loss=0.6139 elapsed=83s eta=151s
2026-06-26 00:07:00 | INFO | train epoch=23 step=800/1965 progress=40.7% avg_loss=0.6151 elapsed=95s eta=138s
2026-06-26 00:07:12 | INFO | train epoch=23 step=900/1965 progress=45.8% avg_loss=0.6142 elapsed=107s eta=126s
2026-06-26 00:07:24 | INFO | train epoch=23 step=1000/1965 progress=50.9% avg_loss=0.6110 elapsed=118s eta=114s
2026-06-26 00:07:35 | INFO | train epoch=23 step=1100/1965 progress=56.0% avg_loss=0.6163 elapsed=130s eta=102s
2026-06-26 00:07:47 | INFO | train epoch=23 step=1200/1965 progress=61.1% avg_loss=0.6188 elapsed=142s eta=91s
2026-06-26 00:07:59 | INFO | train epoch=23 step=1300/1965 progress=66.2% avg_loss=0.6200 elapsed=154s eta=79s
2026-06-26 00:08:11 | INFO | train epoch=23 step=1400/1965 progress=71.2% avg_loss=0.6205 elapsed=166s eta=67s
2026-06-26 00:08:23 | INFO | train epoch=23 step=1500/1965 progress=76.3% avg_loss=0.6214 elapsed=178s eta=55s
2026-06-26 00:08:35 | INFO | train epoch=23 step=1600/1965 progress=81.4% avg_loss=0.6212 elapsed=189s eta=43s
2026-06-26 00:08:46 | INFO | train epoch=23 step=1700/1965 progress=86.5% avg_loss=0.6216 elapsed=201s eta=31s
2026-06-26 00:08:58 | INFO | train epoch=23 step=1800/1965 progress=91.6% avg_loss=0.6221 elapsed=213s eta=20s
2026-06-26 00:09:10 | INFO | train epoch=23 step=1900/1965 progress=96.7% avg_loss=0.6217 elapsed=225s eta=8s
2026-06-26 00:09:17 | INFO | train epoch=23 step=1965/1965 progress=100.0% avg_loss=0.6222 elapsed=232s eta=0s
2026-06-26 00:09:22 | INFO | val epoch=23 step=100/494 progress=20.2% avg_loss=0.6540 elapsed=4s eta=17s
2026-06-26 00:09:26 | INFO | val epoch=23 step=200/494 progress=40.5% avg_loss=0.6812 elapsed=8s eta=12s
2026-06-26 00:09:29 | INFO | val epoch=23 step=300/494 progress=60.7% avg_loss=0.7240 elapsed=12s eta=8s
2026-06-26 00:09:33 | INFO | val epoch=23 step=400/494 progress=81.0% avg_loss=0.7308 elapsed=15s eta=4s
2026-06-26 00:09:37 | INFO | val epoch=23 step=494/494 progress=100.0% avg_loss=0.7109 elapsed=19s eta=0s
2026-06-26 00:09:38 | INFO | epoch=23 train_loss=0.6222 val_loss=0.7109 val_dice_1=0.6407 val_dice_2=0.6602 val_macro_dice=0.6505 lr=1.74e-06,1.66e-05
2026-06-26 00:09:38 | INFO | epoch 24 started lr=1.37e-06,1.29e-05
2026-06-26 00:09:51 | INFO | train epoch=24 step=100/1965 progress=5.1% avg_loss=0.6182 elapsed=13s eta=237s
2026-06-26 00:10:03 | INFO | train epoch=24 step=200/1965 progress=10.2% avg_loss=0.6112 elapsed=24s eta=216s
2026-06-26 00:10:14 | INFO | train epoch=24 step=300/1965 progress=15.3% avg_loss=0.6131 elapsed=36s eta=201s
2026-06-26 00:10:26 | INFO | train epoch=24 step=400/1965 progress=20.4% avg_loss=0.6206 elapsed=48s eta=187s
2026-06-26 00:10:38 | INFO | train epoch=24 step=500/1965 progress=25.4% avg_loss=0.6202 elapsed=59s eta=174s
2026-06-26 00:10:49 | INFO | train epoch=24 step=600/1965 progress=30.5% avg_loss=0.6265 elapsed=71s eta=162s
2026-06-26 00:11:01 | INFO | train epoch=24 step=700/1965 progress=35.6% avg_loss=0.6228 elapsed=83s eta=150s
2026-06-26 00:11:13 | INFO | train epoch=24 step=800/1965 progress=40.7% avg_loss=0.6206 elapsed=94s eta=138s
2026-06-26 00:11:24 | INFO | train epoch=24 step=900/1965 progress=45.8% avg_loss=0.6216 elapsed=106s eta=126s
2026-06-26 00:11:36 | INFO | train epoch=24 step=1000/1965 progress=50.9% avg_loss=0.6220 elapsed=118s eta=114s
2026-06-26 00:11:48 | INFO | train epoch=24 step=1100/1965 progress=56.0% avg_loss=0.6219 elapsed=130s eta=102s
2026-06-26 00:12:00 | INFO | train epoch=24 step=1200/1965 progress=61.1% avg_loss=0.6227 elapsed=141s eta=90s
2026-06-26 00:12:11 | INFO | train epoch=24 step=1300/1965 progress=66.2% avg_loss=0.6222 elapsed=153s eta=78s
2026-06-26 00:12:23 | INFO | train epoch=24 step=1400/1965 progress=71.2% avg_loss=0.6211 elapsed=165s eta=67s
2026-06-26 00:12:35 | INFO | train epoch=24 step=1500/1965 progress=76.3% avg_loss=0.6199 elapsed=177s eta=55s
2026-06-26 00:12:47 | INFO | train epoch=24 step=1600/1965 progress=81.4% avg_loss=0.6208 elapsed=188s eta=43s
2026-06-26 00:12:58 | INFO | train epoch=24 step=1700/1965 progress=86.5% avg_loss=0.6226 elapsed=200s eta=31s
2026-06-26 00:13:10 | INFO | train epoch=24 step=1800/1965 progress=91.6% avg_loss=0.6218 elapsed=212s eta=19s
2026-06-26 00:13:22 | INFO | train epoch=24 step=1900/1965 progress=96.7% avg_loss=0.6211 elapsed=224s eta=8s
2026-06-26 00:13:30 | INFO | train epoch=24 step=1965/1965 progress=100.0% avg_loss=0.6210 elapsed=232s eta=0s
2026-06-26 00:13:34 | INFO | val epoch=24 step=100/494 progress=20.2% avg_loss=0.6598 elapsed=4s eta=17s
2026-06-26 00:13:38 | INFO | val epoch=24 step=200/494 progress=40.5% avg_loss=0.6851 elapsed=8s eta=12s
2026-06-26 00:13:42 | INFO | val epoch=24 step=300/494 progress=60.7% avg_loss=0.7226 elapsed=12s eta=8s
2026-06-26 00:13:46 | INFO | val epoch=24 step=400/494 progress=81.0% avg_loss=0.7292 elapsed=15s eta=4s
2026-06-26 00:13:49 | INFO | val epoch=24 step=494/494 progress=100.0% avg_loss=0.7107 elapsed=19s eta=0s
2026-06-26 00:13:51 | INFO | epoch=24 train_loss=0.6210 val_loss=0.7107 val_dice_1=0.6600 val_dice_2=0.6771 val_macro_dice=0.6686 lr=1.37e-06,1.29e-05
2026-06-26 00:13:51 | INFO | epoch 25 started lr=1.05e-06,9.64e-06
2026-06-26 00:14:03 | INFO | train epoch=25 step=100/1965 progress=5.1% avg_loss=0.6401 elapsed=12s eta=227s
2026-06-26 00:14:15 | INFO | train epoch=25 step=200/1965 progress=10.2% avg_loss=0.6405 elapsed=24s eta=211s
2026-06-26 00:14:26 | INFO | train epoch=25 step=300/1965 progress=15.3% avg_loss=0.6354 elapsed=36s eta=198s
2026-06-26 00:14:38 | INFO | train epoch=25 step=400/1965 progress=20.4% avg_loss=0.6285 elapsed=47s eta=185s
2026-06-26 00:14:50 | INFO | train epoch=25 step=500/1965 progress=25.4% avg_loss=0.6264 elapsed=59s eta=173s
2026-06-26 00:15:02 | INFO | train epoch=25 step=600/1965 progress=30.5% avg_loss=0.6243 elapsed=71s eta=161s
2026-06-26 00:15:13 | INFO | train epoch=25 step=700/1965 progress=35.6% avg_loss=0.6274 elapsed=83s eta=149s
2026-06-26 00:15:25 | INFO | train epoch=25 step=800/1965 progress=40.7% avg_loss=0.6271 elapsed=94s eta=137s
2026-06-26 00:15:37 | INFO | train epoch=25 step=900/1965 progress=45.8% avg_loss=0.6251 elapsed=106s eta=126s
2026-06-26 00:15:49 | INFO | train epoch=25 step=1000/1965 progress=50.9% avg_loss=0.6252 elapsed=118s eta=114s
2026-06-26 00:16:01 | INFO | train epoch=25 step=1100/1965 progress=56.0% avg_loss=0.6241 elapsed=130s eta=102s
2026-06-26 00:16:13 | INFO | train epoch=25 step=1200/1965 progress=61.1% avg_loss=0.6204 elapsed=142s eta=90s
2026-06-26 00:16:24 | INFO | train epoch=25 step=1300/1965 progress=66.2% avg_loss=0.6180 elapsed=154s eta=79s
2026-06-26 00:16:36 | INFO | train epoch=25 step=1400/1965 progress=71.2% avg_loss=0.6183 elapsed=165s eta=67s
2026-06-26 00:16:48 | INFO | train epoch=25 step=1500/1965 progress=76.3% avg_loss=0.6194 elapsed=177s eta=55s
2026-06-26 00:16:59 | INFO | train epoch=25 step=1600/1965 progress=81.4% avg_loss=0.6199 elapsed=189s eta=43s
2026-06-26 00:17:11 | INFO | train epoch=25 step=1700/1965 progress=86.5% avg_loss=0.6173 elapsed=200s eta=31s
2026-06-26 00:17:23 | INFO | train epoch=25 step=1800/1965 progress=91.6% avg_loss=0.6179 elapsed=212s eta=19s
2026-06-26 00:17:35 | INFO | train epoch=25 step=1900/1965 progress=96.7% avg_loss=0.6197 elapsed=224s eta=8s
2026-06-26 00:17:42 | INFO | train epoch=25 step=1965/1965 progress=100.0% avg_loss=0.6205 elapsed=232s eta=0s
2026-06-26 00:17:47 | INFO | val epoch=25 step=100/494 progress=20.2% avg_loss=0.6585 elapsed=4s eta=17s
2026-06-26 00:17:50 | INFO | val epoch=25 step=200/494 progress=40.5% avg_loss=0.6828 elapsed=8s eta=12s
2026-06-26 00:17:54 | INFO | val epoch=25 step=300/494 progress=60.7% avg_loss=0.7190 elapsed=12s eta=8s
2026-06-26 00:17:58 | INFO | val epoch=25 step=400/494 progress=81.0% avg_loss=0.7269 elapsed=15s eta=4s
2026-06-26 00:18:01 | INFO | val epoch=25 step=494/494 progress=100.0% avg_loss=0.7084 elapsed=19s eta=0s
2026-06-26 00:18:03 | INFO | epoch=25 train_loss=0.6205 val_loss=0.7084 val_dice_1=0.6640 val_dice_2=0.6696 val_macro_dice=0.6668 lr=1.05e-06,9.64e-06
2026-06-26 00:18:03 | INFO | epoch 26 started lr=7.63e-07,6.79e-06
2026-06-26 00:18:15 | INFO | train epoch=26 step=100/1965 progress=5.1% avg_loss=0.6123 elapsed=12s eta=229s
2026-06-26 00:18:27 | INFO | train epoch=26 step=200/1965 progress=10.2% avg_loss=0.6130 elapsed=24s eta=213s
2026-06-26 00:18:38 | INFO | train epoch=26 step=300/1965 progress=15.3% avg_loss=0.6129 elapsed=36s eta=199s
2026-06-26 00:18:50 | INFO | train epoch=26 step=400/1965 progress=20.4% avg_loss=0.6140 elapsed=48s eta=186s
2026-06-26 00:19:02 | INFO | train epoch=26 step=500/1965 progress=25.4% avg_loss=0.6129 elapsed=59s eta=174s
2026-06-26 00:19:14 | INFO | train epoch=26 step=600/1965 progress=30.5% avg_loss=0.6159 elapsed=71s eta=162s
2026-06-26 00:19:26 | INFO | train epoch=26 step=700/1965 progress=35.6% avg_loss=0.6170 elapsed=83s eta=150s
2026-06-26 00:19:37 | INFO | train epoch=26 step=800/1965 progress=40.7% avg_loss=0.6153 elapsed=95s eta=138s
2026-06-26 00:19:49 | INFO | train epoch=26 step=900/1965 progress=45.8% avg_loss=0.6149 elapsed=107s eta=126s
2026-06-26 00:20:01 | INFO | train epoch=26 step=1000/1965 progress=50.9% avg_loss=0.6159 elapsed=118s eta=114s
2026-06-26 00:20:13 | INFO | train epoch=26 step=1100/1965 progress=56.0% avg_loss=0.6134 elapsed=130s eta=102s
2026-06-26 00:20:25 | INFO | train epoch=26 step=1200/1965 progress=61.1% avg_loss=0.6141 elapsed=142s eta=91s
2026-06-26 00:20:36 | INFO | train epoch=26 step=1300/1965 progress=66.2% avg_loss=0.6145 elapsed=154s eta=79s
2026-06-26 00:20:48 | INFO | train epoch=26 step=1400/1965 progress=71.2% avg_loss=0.6143 elapsed=165s eta=67s
2026-06-26 00:21:00 | INFO | train epoch=26 step=1500/1965 progress=76.3% avg_loss=0.6151 elapsed=177s eta=55s
2026-06-26 00:21:12 | INFO | train epoch=26 step=1600/1965 progress=81.4% avg_loss=0.6168 elapsed=189s eta=43s
2026-06-26 00:21:23 | INFO | train epoch=26 step=1700/1965 progress=86.5% avg_loss=0.6173 elapsed=201s eta=31s
2026-06-26 00:21:35 | INFO | train epoch=26 step=1800/1965 progress=91.6% avg_loss=0.6183 elapsed=213s eta=19s
2026-06-26 00:21:47 | INFO | train epoch=26 step=1900/1965 progress=96.7% avg_loss=0.6189 elapsed=224s eta=8s
2026-06-26 00:21:55 | INFO | train epoch=26 step=1965/1965 progress=100.0% avg_loss=0.6188 elapsed=232s eta=0s
2026-06-26 00:21:59 | INFO | val epoch=26 step=100/494 progress=20.2% avg_loss=0.6605 elapsed=4s eta=17s
2026-06-26 00:22:03 | INFO | val epoch=26 step=200/494 progress=40.5% avg_loss=0.6928 elapsed=8s eta=12s
2026-06-26 00:22:07 | INFO | val epoch=26 step=300/494 progress=60.7% avg_loss=0.7321 elapsed=12s eta=8s
2026-06-26 00:22:10 | INFO | val epoch=26 step=400/494 progress=81.0% avg_loss=0.7385 elapsed=16s eta=4s
2026-06-26 00:22:14 | INFO | val epoch=26 step=494/494 progress=100.0% avg_loss=0.7188 elapsed=19s eta=0s
2026-06-26 00:22:16 | INFO | epoch=26 train_loss=0.6188 val_loss=0.7188 val_dice_1=0.6649 val_dice_2=0.6551 val_macro_dice=0.6600 lr=7.63e-07,6.79e-06
2026-06-26 00:22:16 | INFO | epoch 27 started lr=5.28e-07,4.42e-06
2026-06-26 00:22:28 | INFO | train epoch=27 step=100/1965 progress=5.1% avg_loss=0.6420 elapsed=12s eta=232s
2026-06-26 00:22:40 | INFO | train epoch=27 step=200/1965 progress=10.2% avg_loss=0.6425 elapsed=24s eta=214s
2026-06-26 00:22:52 | INFO | train epoch=27 step=300/1965 progress=15.3% avg_loss=0.6264 elapsed=36s eta=200s
2026-06-26 00:23:03 | INFO | train epoch=27 step=400/1965 progress=20.4% avg_loss=0.6231 elapsed=48s eta=187s
2026-06-26 00:23:15 | INFO | train epoch=27 step=500/1965 progress=25.4% avg_loss=0.6218 elapsed=59s eta=174s
2026-06-26 00:23:27 | INFO | train epoch=27 step=600/1965 progress=30.5% avg_loss=0.6170 elapsed=71s eta=162s
2026-06-26 00:23:39 | INFO | train epoch=27 step=700/1965 progress=35.6% avg_loss=0.6154 elapsed=83s eta=150s
2026-06-26 00:23:51 | INFO | train epoch=27 step=800/1965 progress=40.7% avg_loss=0.6162 elapsed=95s eta=138s
2026-06-26 00:24:02 | INFO | train epoch=27 step=900/1965 progress=45.8% avg_loss=0.6162 elapsed=107s eta=126s
2026-06-26 00:24:14 | INFO | train epoch=27 step=1000/1965 progress=50.9% avg_loss=0.6158 elapsed=119s eta=114s
2026-06-26 00:24:26 | INFO | train epoch=27 step=1100/1965 progress=56.0% avg_loss=0.6163 elapsed=130s eta=102s
2026-06-26 00:24:38 | INFO | train epoch=27 step=1200/1965 progress=61.1% avg_loss=0.6157 elapsed=142s eta=91s
2026-06-26 00:24:49 | INFO | train epoch=27 step=1300/1965 progress=66.2% avg_loss=0.6163 elapsed=154s eta=79s
2026-06-26 00:25:01 | INFO | train epoch=27 step=1400/1965 progress=71.2% avg_loss=0.6176 elapsed=166s eta=67s
2026-06-26 00:25:13 | INFO | train epoch=27 step=1500/1965 progress=76.3% avg_loss=0.6169 elapsed=177s eta=55s
2026-06-26 00:25:25 | INFO | train epoch=27 step=1600/1965 progress=81.4% avg_loss=0.6164 elapsed=189s eta=43s
2026-06-26 00:25:37 | INFO | train epoch=27 step=1700/1965 progress=86.5% avg_loss=0.6161 elapsed=201s eta=31s
2026-06-26 00:25:48 | INFO | train epoch=27 step=1800/1965 progress=91.6% avg_loss=0.6171 elapsed=213s eta=20s
2026-06-26 00:26:00 | INFO | train epoch=27 step=1900/1965 progress=96.7% avg_loss=0.6179 elapsed=224s eta=8s
2026-06-26 00:26:08 | INFO | train epoch=27 step=1965/1965 progress=100.0% avg_loss=0.6179 elapsed=232s eta=0s
2026-06-26 00:26:12 | INFO | val epoch=27 step=100/494 progress=20.2% avg_loss=0.6568 elapsed=4s eta=16s
2026-06-26 00:26:16 | INFO | val epoch=27 step=200/494 progress=40.5% avg_loss=0.6831 elapsed=8s eta=12s
2026-06-26 00:26:19 | INFO | val epoch=27 step=300/494 progress=60.7% avg_loss=0.7171 elapsed=12s eta=7s
2026-06-26 00:26:23 | INFO | val epoch=27 step=400/494 progress=81.0% avg_loss=0.7254 elapsed=15s eta=4s
2026-06-26 00:26:27 | INFO | val epoch=27 step=494/494 progress=100.0% avg_loss=0.7071 elapsed=19s eta=0s
2026-06-26 00:26:28 | INFO | epoch=27 train_loss=0.6179 val_loss=0.7071 val_dice_1=0.6831 val_dice_2=0.6694 val_macro_dice=0.6763 lr=5.28e-07,4.42e-06
2026-06-26 00:26:28 | INFO | epoch 28 started lr=3.42e-07,2.54e-06
2026-06-26 00:26:40 | INFO | train epoch=28 step=100/1965 progress=5.1% avg_loss=0.6183 elapsed=12s eta=231s
2026-06-26 00:26:52 | INFO | train epoch=28 step=200/1965 progress=10.2% avg_loss=0.6297 elapsed=24s eta=214s
2026-06-26 00:27:04 | INFO | train epoch=28 step=300/1965 progress=15.3% avg_loss=0.6370 elapsed=36s eta=201s
2026-06-26 00:27:16 | INFO | train epoch=28 step=400/1965 progress=20.4% avg_loss=0.6272 elapsed=48s eta=188s
2026-06-26 00:27:28 | INFO | train epoch=28 step=500/1965 progress=25.4% avg_loss=0.6279 elapsed=60s eta=176s
2026-06-26 00:27:40 | INFO | train epoch=28 step=600/1965 progress=30.5% avg_loss=0.6193 elapsed=72s eta=163s
2026-06-26 00:27:51 | INFO | train epoch=28 step=700/1965 progress=35.6% avg_loss=0.6180 elapsed=84s eta=151s
2026-06-26 00:28:03 | INFO | train epoch=28 step=800/1965 progress=40.7% avg_loss=0.6193 elapsed=95s eta=139s
2026-06-26 00:28:15 | INFO | train epoch=28 step=900/1965 progress=45.8% avg_loss=0.6203 elapsed=107s eta=127s
2026-06-26 00:28:27 | INFO | train epoch=28 step=1000/1965 progress=50.9% avg_loss=0.6197 elapsed=119s eta=115s
2026-06-26 00:28:39 | INFO | train epoch=28 step=1100/1965 progress=56.0% avg_loss=0.6203 elapsed=131s eta=103s
2026-06-26 00:28:50 | INFO | train epoch=28 step=1200/1965 progress=61.1% avg_loss=0.6197 elapsed=143s eta=91s
2026-06-26 00:29:02 | INFO | train epoch=28 step=1300/1965 progress=66.2% avg_loss=0.6192 elapsed=154s eta=79s
2026-06-26 00:29:14 | INFO | train epoch=28 step=1400/1965 progress=71.2% avg_loss=0.6174 elapsed=166s eta=67s
2026-06-26 00:29:26 | INFO | train epoch=28 step=1500/1965 progress=76.3% avg_loss=0.6168 elapsed=178s eta=55s
2026-06-26 00:29:37 | INFO | train epoch=28 step=1600/1965 progress=81.4% avg_loss=0.6168 elapsed=190s eta=43s
2026-06-26 00:29:49 | INFO | train epoch=28 step=1700/1965 progress=86.5% avg_loss=0.6190 elapsed=201s eta=31s
2026-06-26 00:30:01 | INFO | train epoch=28 step=1800/1965 progress=91.6% avg_loss=0.6180 elapsed=213s eta=20s
2026-06-26 00:30:13 | INFO | train epoch=28 step=1900/1965 progress=96.7% avg_loss=0.6190 elapsed=225s eta=8s
2026-06-26 00:30:20 | INFO | train epoch=28 step=1965/1965 progress=100.0% avg_loss=0.6187 elapsed=233s eta=0s
2026-06-26 00:30:25 | INFO | val epoch=28 step=100/494 progress=20.2% avg_loss=0.6605 elapsed=4s eta=16s
2026-06-26 00:30:28 | INFO | val epoch=28 step=200/494 progress=40.5% avg_loss=0.6861 elapsed=8s eta=12s
2026-06-26 00:30:32 | INFO | val epoch=28 step=300/494 progress=60.7% avg_loss=0.7215 elapsed=12s eta=8s
2026-06-26 00:30:36 | INFO | val epoch=28 step=400/494 progress=81.0% avg_loss=0.7292 elapsed=15s eta=4s
2026-06-26 00:30:39 | INFO | val epoch=28 step=494/494 progress=100.0% avg_loss=0.7105 elapsed=19s eta=0s
2026-06-26 00:30:41 | INFO | epoch=28 train_loss=0.6187 val_loss=0.7105 val_dice_1=0.6747 val_dice_2=0.6755 val_macro_dice=0.6751 lr=3.42e-07,2.54e-06
2026-06-26 00:30:41 | INFO | epoch 29 started lr=2.08e-07,1.19e-06
2026-06-26 00:30:53 | INFO | train epoch=29 step=100/1965 progress=5.1% avg_loss=0.6279 elapsed=12s eta=231s
2026-06-26 00:31:05 | INFO | train epoch=29 step=200/1965 progress=10.2% avg_loss=0.6164 elapsed=24s eta=213s
2026-06-26 00:31:16 | INFO | train epoch=29 step=300/1965 progress=15.3% avg_loss=0.6177 elapsed=36s eta=199s
2026-06-26 00:31:28 | INFO | train epoch=29 step=400/1965 progress=20.4% avg_loss=0.6218 elapsed=48s eta=186s
2026-06-26 00:31:40 | INFO | train epoch=29 step=500/1965 progress=25.4% avg_loss=0.6187 elapsed=59s eta=174s
2026-06-26 00:31:52 | INFO | train epoch=29 step=600/1965 progress=30.5% avg_loss=0.6166 elapsed=71s eta=162s
2026-06-26 00:32:04 | INFO | train epoch=29 step=700/1965 progress=35.6% avg_loss=0.6190 elapsed=83s eta=150s
2026-06-26 00:32:15 | INFO | train epoch=29 step=800/1965 progress=40.7% avg_loss=0.6209 elapsed=95s eta=138s
2026-06-26 00:32:27 | INFO | train epoch=29 step=900/1965 progress=45.8% avg_loss=0.6179 elapsed=107s eta=126s
2026-06-26 00:32:39 | INFO | train epoch=29 step=1000/1965 progress=50.9% avg_loss=0.6180 elapsed=118s eta=114s
2026-06-26 00:32:51 | INFO | train epoch=29 step=1100/1965 progress=56.0% avg_loss=0.6165 elapsed=130s eta=102s
2026-06-26 00:33:03 | INFO | train epoch=29 step=1200/1965 progress=61.1% avg_loss=0.6185 elapsed=142s eta=91s
2026-06-26 00:33:14 | INFO | train epoch=29 step=1300/1965 progress=66.2% avg_loss=0.6200 elapsed=154s eta=79s
2026-06-26 00:33:26 | INFO | train epoch=29 step=1400/1965 progress=71.2% avg_loss=0.6202 elapsed=166s eta=67s
2026-06-26 00:33:38 | INFO | train epoch=29 step=1500/1965 progress=76.3% avg_loss=0.6193 elapsed=177s eta=55s
2026-06-26 00:33:50 | INFO | train epoch=29 step=1600/1965 progress=81.4% avg_loss=0.6204 elapsed=189s eta=43s
2026-06-26 00:34:01 | INFO | train epoch=29 step=1700/1965 progress=86.5% avg_loss=0.6193 elapsed=201s eta=31s
2026-06-26 00:34:13 | INFO | train epoch=29 step=1800/1965 progress=91.6% avg_loss=0.6168 elapsed=213s eta=19s
2026-06-26 00:34:25 | INFO | train epoch=29 step=1900/1965 progress=96.7% avg_loss=0.6173 elapsed=224s eta=8s
2026-06-26 00:34:33 | INFO | train epoch=29 step=1965/1965 progress=100.0% avg_loss=0.6172 elapsed=232s eta=0s
2026-06-26 00:34:37 | INFO | val epoch=29 step=100/494 progress=20.2% avg_loss=0.6706 elapsed=4s eta=16s
2026-06-26 00:34:41 | INFO | val epoch=29 step=200/494 progress=40.5% avg_loss=0.7083 elapsed=8s eta=12s
2026-06-26 00:34:44 | INFO | val epoch=29 step=300/494 progress=60.7% avg_loss=0.7416 elapsed=12s eta=7s
2026-06-26 00:34:48 | INFO | val epoch=29 step=400/494 progress=81.0% avg_loss=0.7475 elapsed=15s eta=4s
2026-06-26 00:34:52 | INFO | val epoch=29 step=494/494 progress=100.0% avg_loss=0.7270 elapsed=19s eta=0s
2026-06-26 00:34:53 | INFO | epoch=29 train_loss=0.6172 val_loss=0.7270 val_dice_1=0.6817 val_dice_2=0.6534 val_macro_dice=0.6676 lr=2.08e-07,1.19e-06
2026-06-26 00:34:53 | INFO | epoch 30 started lr=1.27e-07,3.74e-07
2026-06-26 00:35:05 | INFO | train epoch=30 step=100/1965 progress=5.1% avg_loss=0.6223 elapsed=12s eta=230s
2026-06-26 00:35:17 | INFO | train epoch=30 step=200/1965 progress=10.2% avg_loss=0.6240 elapsed=24s eta=213s
2026-06-26 00:35:29 | INFO | train epoch=30 step=300/1965 progress=15.3% avg_loss=0.6210 elapsed=36s eta=199s
2026-06-26 00:35:40 | INFO | train epoch=30 step=400/1965 progress=20.4% avg_loss=0.6182 elapsed=48s eta=186s
2026-06-26 00:35:52 | INFO | train epoch=30 step=500/1965 progress=25.4% avg_loss=0.6198 elapsed=59s eta=174s
2026-06-26 00:36:04 | INFO | train epoch=30 step=600/1965 progress=30.5% avg_loss=0.6198 elapsed=71s eta=162s
2026-06-26 00:36:16 | INFO | train epoch=30 step=700/1965 progress=35.6% avg_loss=0.6171 elapsed=83s eta=150s
2026-06-26 00:36:28 | INFO | train epoch=30 step=800/1965 progress=40.7% avg_loss=0.6196 elapsed=95s eta=138s
2026-06-26 00:36:39 | INFO | train epoch=30 step=900/1965 progress=45.8% avg_loss=0.6213 elapsed=107s eta=126s
2026-06-26 00:36:51 | INFO | train epoch=30 step=1000/1965 progress=50.9% avg_loss=0.6209 elapsed=118s eta=114s
2026-06-26 00:37:03 | INFO | train epoch=30 step=1100/1965 progress=56.0% avg_loss=0.6193 elapsed=130s eta=102s
2026-06-26 00:37:15 | INFO | train epoch=30 step=1200/1965 progress=61.1% avg_loss=0.6191 elapsed=142s eta=90s
2026-06-26 00:37:26 | INFO | train epoch=30 step=1300/1965 progress=66.2% avg_loss=0.6194 elapsed=154s eta=79s
2026-06-26 00:37:38 | INFO | train epoch=30 step=1400/1965 progress=71.2% avg_loss=0.6213 elapsed=165s eta=67s
2026-06-26 00:37:50 | INFO | train epoch=30 step=1500/1965 progress=76.3% avg_loss=0.6211 elapsed=177s eta=55s
2026-06-26 00:38:02 | INFO | train epoch=30 step=1600/1965 progress=81.4% avg_loss=0.6167 elapsed=189s eta=43s
2026-06-26 00:38:14 | INFO | train epoch=30 step=1700/1965 progress=86.5% avg_loss=0.6167 elapsed=201s eta=31s
2026-06-26 00:38:26 | INFO | train epoch=30 step=1800/1965 progress=91.6% avg_loss=0.6154 elapsed=213s eta=20s
2026-06-26 00:38:38 | INFO | train epoch=30 step=1900/1965 progress=96.7% avg_loss=0.6156 elapsed=225s eta=8s
2026-06-26 00:38:46 | INFO | train epoch=30 step=1965/1965 progress=100.0% avg_loss=0.6167 elapsed=233s eta=0s
2026-06-26 00:38:50 | INFO | val epoch=30 step=100/494 progress=20.2% avg_loss=0.6591 elapsed=4s eta=16s
2026-06-26 00:38:54 | INFO | val epoch=30 step=200/494 progress=40.5% avg_loss=0.6884 elapsed=8s eta=12s
2026-06-26 00:38:57 | INFO | val epoch=30 step=300/494 progress=60.7% avg_loss=0.7222 elapsed=12s eta=8s
2026-06-26 00:39:01 | INFO | val epoch=30 step=400/494 progress=81.0% avg_loss=0.7301 elapsed=15s eta=4s
2026-06-26 00:39:05 | INFO | val epoch=30 step=494/494 progress=100.0% avg_loss=0.7111 elapsed=19s eta=0s
2026-06-26 00:39:06 | INFO | epoch=30 train_loss=0.6167 val_loss=0.7111 val_dice_1=0.6734 val_dice_2=0.6621 val_macro_dice=0.6678 lr=1.27e-07,3.74e-07
2026-06-26 00:39:06 | INFO | fold finished best_epoch=18 best_score=0.681821
